::1 - - [30/Oct/2021:14:44:49 +0300] "GET / HTTP/1.1" 200 831
::1 - - [30/Oct/2021:14:44:49 +0300] "GET /script.js HTTP/1.1" 200 279
::1 - - [30/Oct/2021:14:44:49 +0300] "GET /styles.css HTTP/1.1" 200 1238
::1 - - [30/Oct/2021:14:44:49 +0300] "GET /favicon.ico HTTP/1.1" 404 196
::1 - - [30/Oct/2021:14:45:31 +0300] "GET / HTTP/1.1" 200 835
::1 - - [30/Oct/2021:14:45:31 +0300] "GET /styles.css HTTP/1.1" 304 -
::1 - - [30/Oct/2021:14:45:41 +0300] "GET / HTTP/1.1" 304 -
::1 - - [30/Oct/2021:14:45:41 +0300] "GET /styles.css HTTP/1.1" 304 -
::1 - - [30/Oct/2021:14:45:41 +0300] "GET / HTTP/1.1" 304 -
::1 - - [30/Oct/2021:14:45:41 +0300] "GET / HTTP/1.1" 304 -
::1 - - [30/Oct/2021:14:48:23 +0300] "GET / HTTP/1.1" 200 885
::1 - - [30/Oct/2021:14:48:23 +0300] "GET /styles.css HTTP/1.1" 304 -
::1 - - [30/Oct/2021:14:50:57 +0300] "GET / HTTP/1.1" 200 885
::1 - - [30/Oct/2021:14:50:57 +0300] "GET /styles.css HTTP/1.1" 304 -
::1 - - [30/Oct/2021:14:51:33 +0300] "GET / HTTP/1.1" 200 913
::1 - - [30/Oct/2021:14:51:49 +0300] "GET / HTTP/1.1" 200 913
::1 - - [30/Oct/2021:14:51:49 +0300] "GET /styles.css HTTP/1.1" 304 -
::1 - - [30/Oct/2021:14:52:12 +0300] "GET / HTTP/1.1" 304 -
::1 - - [30/Oct/2021:14:55:03 +0300] "GET / HTTP/1.1" 200 922
::1 - - [30/Oct/2021:14:55:04 +0300] "GET /styles.css HTTP/1.1" 200 1274
::1 - - [30/Oct/2021:14:57:25 +0300] "GET / HTTP/1.1" 200 991
::1 - - [30/Oct/2021:14:57:25 +0300] "GET /styles.css HTTP/1.1" 304 -
::1 - - [30/Oct/2021:14:57:45 +0300] "GET / HTTP/1.1" 304 -
::1 - - [30/Oct/2021:14:57:45 +0300] "GET /styles.css HTTP/1.1" 200 1245
::1 - - [30/Oct/2021:14:58:03 +0300] "GET / HTTP/1.1" 304 -
::1 - - [30/Oct/2021:14:58:03 +0300] "GET /styles.css HTTP/1.1" 200 1281
::1 - - [30/Oct/2021:14:58:27 +0300] "GET / HTTP/1.1" 200 991
::1 - - [30/Oct/2021:14:58:27 +0300] "GET /styles.css HTTP/1.1" 304 -
::1 - - [30/Oct/2021:15:02:30 +0300] "GET / HTTP/1.1" 200 1123
::1 - - [30/Oct/2021:15:02:30 +0300] "GET /styles.css HTTP/1.1" 304 -
::1 - - [30/Oct/2021:15:03:33 +0300] "GET / HTTP/1.1" 200 1205
::1 - - [30/Oct/2021:15:03:33 +0300] "GET /styles.css HTTP/1.1" 200 1341
::1 - - [30/Oct/2021:15:03:40 +0300] "POST / HTTP/1.1" 200 1205
::1 - - [30/Oct/2021:15:03:40 +0300] "GET /styles.css HTTP/1.1" 304 -
::1 - - [30/Oct/2021:15:03:42 +0300] "POST / HTTP/1.1" 200 1205
::1 - - [30/Oct/2021:15:03:42 +0300] "GET /styles.css HTTP/1.1" 304 -
::1 - - [30/Oct/2021:15:03:42 +0300] "POST / HTTP/1.1" 200 1205
::1 - - [30/Oct/2021:15:06:22 +0300] "POST / HTTP/1.1" 412 -
::1 - - [30/Oct/2021:15:06:28 +0300] "POST / HTTP/1.1" 200 1205
::1 - - [30/Oct/2021:15:06:28 +0300] "GET /styles.css HTTP/1.1" 200 1341
::1 - - [30/Oct/2021:15:06:38 +0300] "POST / HTTP/1.1" 412 -
::1 - - [30/Oct/2021:15:06:40 +0300] "POST / HTTP/1.1" 200 1205
::1 - - [30/Oct/2021:15:06:40 +0300] "GET /styles.css HTTP/1.1" 200 1341
::1 - - [30/Oct/2021:15:06:49 +0300] "POST / HTTP/1.1" 412 -
::1 - - [30/Oct/2021:15:06:50 +0300] "POST / HTTP/1.1" 200 1205
::1 - - [30/Oct/2021:15:06:50 +0300] "GET /styles.css HTTP/1.1" 200 1341
::1 - - [30/Oct/2021:15:12:25 +0300] "POST / HTTP/1.1" 200 1289
::1 - - [30/Oct/2021:15:12:25 +0300] "GET /styles.css HTTP/1.1" 304 -
::1 - - [30/Oct/2021:15:13:03 +0300] "POST / HTTP/1.1" 412 -
::1 - - [30/Oct/2021:15:13:04 +0300] "POST / HTTP/1.1" 200 1289
::1 - - [30/Oct/2021:15:13:05 +0300] "GET /styles.css HTTP/1.1" 200 1340
::1 - - [30/Oct/2021:15:13:22 +0300] "POST / HTTP/1.1" 200 1289
::1 - - [30/Oct/2021:15:13:22 +0300] "GET /styles.css HTTP/1.1" 200 1340
::1 - - [30/Oct/2021:15:13:25 +0300] "POST / HTTP/1.1" 412 -
::1 - - [30/Oct/2021:15:13:26 +0300] "POST / HTTP/1.1" 200 1289
::1 - - [30/Oct/2021:15:13:26 +0300] "GET /styles.css HTTP/1.1" 304 -
::1 - - [30/Oct/2021:15:13:45 +0300] "POST / HTTP/1.1" 412 -
::1 - - [30/Oct/2021:15:13:46 +0300] "POST / HTTP/1.1" 200 1289
::1 - - [30/Oct/2021:15:13:46 +0300] "GET /styles.css HTTP/1.1" 200 1319
::1 - - [30/Oct/2021:15:13:52 +0300] "POST / HTTP/1.1" 412 -
::1 - - [30/Oct/2021:15:13:53 +0300] "POST / HTTP/1.1" 200 1289
::1 - - [30/Oct/2021:15:13:53 +0300] "GET /styles.css HTTP/1.1" 200 1319
::1 - - [30/Oct/2021:15:14:04 +0300] "POST / HTTP/1.1" 412 -
::1 - - [30/Oct/2021:15:14:05 +0300] "POST / HTTP/1.1" 200 1289
::1 - - [30/Oct/2021:15:14:05 +0300] "GET /styles.css HTTP/1.1" 200 1319
::1 - - [30/Oct/2021:15:14:14 +0300] "POST / HTTP/1.1" 200 1289
::1 - - [30/Oct/2021:15:14:14 +0300] "GET /styles.css HTTP/1.1" 304 -
::1 - - [30/Oct/2021:15:14:51 +0300] "POST / HTTP/1.1" 200 1287
::1 - - [30/Oct/2021:15:14:51 +0300] "GET /styles.css HTTP/1.1" 200 1317
::1 - - [30/Oct/2021:15:14:51 +0300] "POST / HTTP/1.1" 412 -
::1 - - [30/Oct/2021:15:14:53 +0300] "POST / HTTP/1.1" 200 1287
::1 - - [30/Oct/2021:15:14:53 +0300] "GET /styles.css HTTP/1.1" 304 -
::1 - - [30/Oct/2021:15:15:04 +0300] "POST / HTTP/1.1" 412 -
::1 - - [30/Oct/2021:15:15:04 +0300] "POST / HTTP/1.1" 200 1287
::1 - - [30/Oct/2021:15:15:05 +0300] "GET /styles.css HTTP/1.1" 200 1317
::1 - - [30/Oct/2021:15:15:14 +0300] "POST / HTTP/1.1" 200 1287
::1 - - [30/Oct/2021:15:15:14 +0300] "GET /styles.css HTTP/1.1" 304 -
::1 - - [30/Oct/2021:15:15:14 +0300] "POST / HTTP/1.1" 412 -
::1 - - [30/Oct/2021:15:15:15 +0300] "POST / HTTP/1.1" 200 1287
::1 - - [30/Oct/2021:15:15:15 +0300] "GET /styles.css HTTP/1.1" 304 -
::1 - - [30/Oct/2021:15:15:21 +0300] "POST / HTTP/1.1" 200 1287
::1 - - [30/Oct/2021:15:15:21 +0300] "GET /styles.css HTTP/1.1" 304 -
::1 - - [30/Oct/2021:15:15:27 +0300] "POST / HTTP/1.1" 200 1287
::1 - - [30/Oct/2021:15:15:27 +0300] "GET /styles.css HTTP/1.1" 304 -
::1 - - [30/Oct/2021:15:15:27 +0300] "POST / HTTP/1.1" 412 -
::1 - - [30/Oct/2021:15:15:28 +0300] "POST / HTTP/1.1" 200 1287
::1 - - [30/Oct/2021:15:15:35 +0300] "POST / HTTP/1.1" 200 1287
::1 - - [30/Oct/2021:15:15:35 +0300] "GET /styles.css HTTP/1.1" 304 -
::1 - - [30/Oct/2021:15:16:20 +0300] "POST / HTTP/1.1" 200 1356
::1 - - [30/Oct/2021:15:16:20 +0300] "GET /styles.css HTTP/1.1" 304 -
::1 - - [30/Oct/2021:15:20:27 +0300] "POST / HTTP/1.1" 200 1440
::1 - - [30/Oct/2021:15:20:27 +0300] "GET /styles.css HTTP/1.1" 304 -
::1 - - [30/Oct/2021:15:20:27 +0300] "POST / HTTP/1.1" 412 -
::1 - - [30/Oct/2021:15:20:28 +0300] "POST / HTTP/1.1" 200 1440
::1 - - [30/Oct/2021:15:21:39 +0300] "POST / HTTP/1.1" 200 1469
::1 - - [30/Oct/2021:15:21:39 +0300] "GET /styles.css HTTP/1.1" 200 1377
::1 - - [30/Oct/2021:15:21:40 +0300] "POST / HTTP/1.1" 412 -
::1 - - [30/Oct/2021:15:21:41 +0300] "POST / HTTP/1.1" 200 1469
::1 - - [30/Oct/2021:15:21:41 +0300] "GET /styles.css HTTP/1.1" 304 -
::1 - - [30/Oct/2021:15:21:50 +0300] "POST / HTTP/1.1" 412 -
::1 - - [30/Oct/2021:15:21:51 +0300] "POST / HTTP/1.1" 200 1469
::1 - - [30/Oct/2021:15:21:51 +0300] "GET /styles.css HTTP/1.1" 200 1377
::1 - - [30/Oct/2021:15:21:59 +0300] "POST / HTTP/1.1" 412 -
::1 - - [30/Oct/2021:15:22:00 +0300] "POST / HTTP/1.1" 200 1469
::1 - - [30/Oct/2021:15:22:00 +0300] "GET /styles.css HTTP/1.1" 200 1379
::1 - - [30/Oct/2021:15:22:46 +0300] "POST / HTTP/1.1" 200 1444
::1 - - [30/Oct/2021:15:22:46 +0300] "GET /styles.css HTTP/1.1" 304 -
::1 - - [30/Oct/2021:15:22:57 +0300] "POST / HTTP/1.1" 200 1444
::1 - - [30/Oct/2021:15:22:57 +0300] "GET /styles.css HTTP/1.1" 304 -
::1 - - [30/Oct/2021:15:22:58 +0300] "POST / HTTP/1.1" 412 -
::1 - - [30/Oct/2021:15:22:58 +0300] "POST / HTTP/1.1" 200 1444
::1 - - [30/Oct/2021:15:44:53 +0300] "POST / HTTP/1.1" 200 1528
::1 - - [30/Oct/2021:15:44:53 +0300] "GET /styles.css HTTP/1.1" 200 1317
::1 - - [30/Oct/2021:15:44:55 +0300] "POST / HTTP/1.1" 412 -
::1 - - [30/Oct/2021:15:44:56 +0300] "POST / HTTP/1.1" 200 1528
::1 - - [30/Oct/2021:15:45:08 +0300] "POST / HTTP/1.1" 200 1543
::1 - - [30/Oct/2021:15:45:09 +0300] "POST / HTTP/1.1" 412 -
::1 - - [30/Oct/2021:15:45:10 +0300] "POST / HTTP/1.1" 200 1543
::1 - - [30/Oct/2021:15:45:38 +0300] "GET /?name=&content= HTTP/1.1" 200 1543
::1 - - [30/Oct/2021:15:47:23 +0300] "GET /?name=&content= HTTP/1.1" 304 -
::1 - - [30/Oct/2021:15:47:23 +0300] "GET /styles.css HTTP/1.1" 304 -
::1 - - [30/Oct/2021:15:47:24 +0300] "GET /?name=&content= HTTP/1.1" 304 -
::1 - - [30/Oct/2021:15:47:24 +0300] "GET /?name=&content= HTTP/1.1" 304 -
::1 - - [30/Oct/2021:15:47:25 +0300] "GET /?name=&content= HTTP/1.1" 304 -
::1 - - [30/Oct/2021:15:47:25 +0300] "GET /?name=&content= HTTP/1.1" 304 -
::1 - - [30/Oct/2021:15:47:25 +0300] "GET /?name=&content= HTTP/1.1" 304 -
::1 - - [30/Oct/2021:15:47:25 +0300] "GET /?name=&content= HTTP/1.1" 304 -
::1 - - [30/Oct/2021:15:47:26 +0300] "GET /?name=&content= HTTP/1.1" 304 -
::1 - - [30/Oct/2021:15:47:26 +0300] "GET /?name=&content= HTTP/1.1" 304 -
::1 - - [30/Oct/2021:15:47:26 +0300] "GET /?name=&content= HTTP/1.1" 304 -
::1 - - [30/Oct/2021:15:47:26 +0300] "GET /?name=&content= HTTP/1.1" 304 -
::1 - - [30/Oct/2021:15:47:26 +0300] "GET /?name=&content= HTTP/1.1" 304 -
::1 - - [30/Oct/2021:15:47:27 +0300] "GET /?name=&content= HTTP/1.1" 304 -
::1 - - [30/Oct/2021:15:47:28 +0300] "GET /?name=&content= HTTP/1.1" 304 -
::1 - - [30/Oct/2021:15:47:29 +0300] "GET /?name=&content= HTTP/1.1" 304 -
::1 - - [30/Oct/2021:15:47:30 +0300] "GET /?name=&content= HTTP/1.1" 304 -
::1 - - [30/Oct/2021:15:47:30 +0300] "GET /?name=&content= HTTP/1.1" 304 -
::1 - - [30/Oct/2021:15:47:57 +0300] "GET /?name=&content= HTTP/1.1" 304 -
::1 - - [30/Oct/2021:15:47:57 +0300] "GET /?name=&content= HTTP/1.1" 304 -
::1 - - [30/Oct/2021:15:47:58 +0300] "GET /?name=&content= HTTP/1.1" 304 -
::1 - - [30/Oct/2021:15:47:58 +0300] "GET /?name=&content= HTTP/1.1" 304 -
::1 - - [30/Oct/2021:15:47:58 +0300] "GET /?name=&content= HTTP/1.1" 304 -
::1 - - [30/Oct/2021:15:47:59 +0300] "GET /?name=&content= HTTP/1.1" 304 -
::1 - - [30/Oct/2021:15:47:59 +0300] "GET /?name=&content= HTTP/1.1" 304 -
::1 - - [30/Oct/2021:15:47:59 +0300] "GET /?name=&content= HTTP/1.1" 304 -
::1 - - [30/Oct/2021:15:47:59 +0300] "GET /?name=&content= HTTP/1.1" 304 -
::1 - - [30/Oct/2021:15:47:59 +0300] "GET /?name=&content= HTTP/1.1" 304 -
::1 - - [30/Oct/2021:15:48:00 +0300] "GET /?name=&content= HTTP/1.1" 304 -
::1 - - [30/Oct/2021:15:48:00 +0300] "GET /?name=&content= HTTP/1.1" 304 -
::1 - - [30/Oct/2021:15:48:00 +0300] "GET /?name=&content= HTTP/1.1" 304 -
::1 - - [30/Oct/2021:15:48:00 +0300] "GET /?name=&content= HTTP/1.1" 304 -
::1 - - [30/Oct/2021:15:48:03 +0300] "GET /?name=&content= HTTP/1.1" 304 -
::1 - - [30/Oct/2021:15:48:18 +0300] "GET /?name=&content= HTTP/1.1" 304 -
::1 - - [30/Oct/2021:15:48:19 +0300] "GET /?name=&content= HTTP/1.1" 304 -
::1 - - [30/Oct/2021:15:48:19 +0300] "GET /?name=&content= HTTP/1.1" 304 -
::1 - - [30/Oct/2021:15:48:20 +0300] "GET /?name=&content= HTTP/1.1" 304 -
::1 - - [30/Oct/2021:15:48:20 +0300] "GET /?name=&content= HTTP/1.1" 304 -
::1 - - [30/Oct/2021:15:48:20 +0300] "GET /?name=&content= HTTP/1.1" 304 -
::1 - - [30/Oct/2021:15:48:20 +0300] "GET /?name=&content= HTTP/1.1" 304 -
::1 - - [30/Oct/2021:15:48:20 +0300] "GET /?name=&content= HTTP/1.1" 304 -
::1 - - [30/Oct/2021:15:48:20 +0300] "GET /?name=&content= HTTP/1.1" 304 -
::1 - - [30/Oct/2021:15:48:21 +0300] "GET /?name=&content= HTTP/1.1" 304 -
::1 - - [30/Oct/2021:15:48:21 +0300] "GET /?name=&content= HTTP/1.1" 304 -
::1 - - [30/Oct/2021:15:48:21 +0300] "GET /?name=&content= HTTP/1.1" 304 -
::1 - - [30/Oct/2021:15:48:21 +0300] "GET /?name=&content= HTTP/1.1" 304 -
::1 - - [30/Oct/2021:15:48:21 +0300] "GET /?name=&content= HTTP/1.1" 304 -
::1 - - [30/Oct/2021:15:48:21 +0300] "GET /?name=&content= HTTP/1.1" 304 -
::1 - - [30/Oct/2021:15:48:22 +0300] "GET /?name=&content= HTTP/1.1" 304 -
::1 - - [30/Oct/2021:15:48:22 +0300] "GET /?name=&content= HTTP/1.1" 304 -
::1 - - [30/Oct/2021:15:48:22 +0300] "GET /?name=&content= HTTP/1.1" 304 -
::1 - - [30/Oct/2021:15:48:22 +0300] "GET /?name=&content= HTTP/1.1" 304 -
::1 - - [30/Oct/2021:15:50:40 +0300] "GET /?name=&content= HTTP/1.1" 200 1801
::1 - - [30/Oct/2021:15:50:40 +0300] "GET /styles.css HTTP/1.1" 304 -
::1 - - [30/Oct/2021:15:51:10 +0300] "GET /?name=&content= HTTP/1.1" 304 -
::1 - - [30/Oct/2021:15:51:58 +0300] "GET /?name=&content= HTTP/1.1" 200 1828
::1 - - [30/Oct/2021:15:57:40 +0300] "GET /?name=&content= HTTP/1.1" 200 2038
::1 - - [30/Oct/2021:15:57:40 +0300] "GET /styles.css HTTP/1.1" 304 -
::1 - - [30/Oct/2021:15:57:41 +0300] "GET /textFiles.xml HTTP/1.1" 200 60
::1 - - [30/Oct/2021:15:57:43 +0300] "GET /?name=&content= HTTP/1.1" 304 -
::1 - - [30/Oct/2021:15:57:43 +0300] "GET /?name=&content= HTTP/1.1" 304 -
::1 - - [30/Oct/2021:15:57:43 +0300] "GET /?name=&content= HTTP/1.1" 304 -
::1 - - [30/Oct/2021:15:57:43 +0300] "GET /?name=&content= HTTP/1.1" 304 -
::1 - - [30/Oct/2021:15:58:05 +0300] "GET /?name=&content= HTTP/1.1" 200 2038
::1 - - [30/Oct/2021:15:58:09 +0300] "GET /?name=&content= HTTP/1.1" 304 -
::1 - - [30/Oct/2021:15:58:09 +0300] "GET /?name=&content= HTTP/1.1" 304 -
::1 - - [30/Oct/2021:15:58:09 +0300] "GET /?name=&content= HTTP/1.1" 304 -
::1 - - [30/Oct/2021:15:58:26 +0300] "GET /?name=&content= HTTP/1.1" 304 -
::1 - - [30/Oct/2021:15:58:55 +0300] "GET /?name=&content= HTTP/1.1" 304 -
::1 - - [30/Oct/2021:15:58:56 +0300] "GET /textFiles.xml HTTP/1.1" 200 104
::1 - - [30/Oct/2021:15:58:56 +0300] "GET /textFiles.xml HTTP/1.1" 304 -
::1 - - [30/Oct/2021:15:58:56 +0300] "GET /textFiles.xml HTTP/1.1" 304 -
::1 - - [30/Oct/2021:15:58:57 +0300] "GET /textFiles.xml HTTP/1.1" 304 -
::1 - - [30/Oct/2021:15:58:57 +0300] "GET /textFiles.xml HTTP/1.1" 304 -
::1 - - [30/Oct/2021:16:01:03 +0300] "GET /?name=&content= HTTP/1.1" 200 2181
::1 - - [30/Oct/2021:16:01:04 +0300] "GET /?name=&content= HTTP/1.1" 304 -
::1 - - [30/Oct/2021:16:01:05 +0300] "GET /textFiles.xml HTTP/1.1" 200 96
::1 - - [30/Oct/2021:16:01:09 +0300] "GET /?name=&content= HTTP/1.1" 304 -
::1 - - [30/Oct/2021:16:01:09 +0300] "GET /styles.css HTTP/1.1" 304 -
::1 - - [30/Oct/2021:16:03:04 +0300] "GET /?name=&content= HTTP/1.1" 200 2315
::1 - - [30/Oct/2021:16:03:05 +0300] "GET /textFiles.xml HTTP/1.1" 304 -
::1 - - [30/Oct/2021:16:03:38 +0300] "GET /?name=&content= HTTP/1.1" 200 2319
::1 - - [30/Oct/2021:16:03:39 +0300] "GET /textFiles.xml HTTP/1.1" 304 -
::1 - - [30/Oct/2021:16:04:35 +0300] "GET /?name=&content= HTTP/1.1" 200 2303
::1 - - [30/Oct/2021:16:04:37 +0300] "GET /textFiles.xml HTTP/1.1" 200 96
::1 - - [30/Oct/2021:16:05:52 +0300] "GET /?name=&content= HTTP/1.1" 200 2322
::1 - - [30/Oct/2021:16:05:53 +0300] "GET /styles.css HTTP/1.1" 304 -
::1 - - [30/Oct/2021:16:05:53 +0300] "GET /textFiles.xml HTTP/1.1" 304 -
::1 - - [30/Oct/2021:16:06:11 +0300] "GET /?name=&content= HTTP/1.1" 304 -
::1 - - [30/Oct/2021:16:06:12 +0300] "GET /textFiles.xml HTTP/1.1" 304 -
::1 - - [30/Oct/2021:16:06:21 +0300] "GET /?name=&content= HTTP/1.1" 200 2318
::1 - - [30/Oct/2021:16:06:53 +0300] "GET /?name=&content= HTTP/1.1" 200 2325
::1 - - [30/Oct/2021:16:06:54 +0300] "GET /textFiles.xml HTTP/1.1" 304 -
::1 - - [30/Oct/2021:16:07:20 +0300] "GET /?name=&content= HTTP/1.1" 200 2315
::1 - - [30/Oct/2021:16:07:21 +0300] "GET /textFiles.xml HTTP/1.1" 304 -
::1 - - [30/Oct/2021:16:07:25 +0300] "GET /?name=&content= HTTP/1.1" 200 2315
::1 - - [30/Oct/2021:16:07:31 +0300] "GET /?name=&content= HTTP/1.1" 200 2310
::1 - - [30/Oct/2021:16:07:43 +0300] "GET /?name=&content= HTTP/1.1" 200 2317
::1 - - [30/Oct/2021:16:07:45 +0300] "GET /textFiles.xml HTTP/1.1" 304 -
::1 - - [30/Oct/2021:16:09:30 +0300] "GET /?name=&content= HTTP/1.1" 200 2328
::1 - - [30/Oct/2021:16:09:31 +0300] "GET /textFiles.xml HTTP/1.1" 304 -
::1 - - [30/Oct/2021:16:10:04 +0300] "GET /?name=&content= HTTP/1.1" 200 2327
::1 - - [30/Oct/2021:16:10:05 +0300] "GET /textFiles.xml HTTP/1.1" 304 -
::1 - - [30/Oct/2021:16:10:18 +0300] "GET /?name=&content= HTTP/1.1" 304 -
::1 - - [30/Oct/2021:16:10:18 +0300] "GET /styles.css HTTP/1.1" 304 -
::1 - - [30/Oct/2021:16:11:29 +0300] "GET /?name=&content= HTTP/1.1" 200 2330
::1 - - [30/Oct/2021:16:11:31 +0300] "GET /?name=&content= HTTP/1.1" 304 -
::1 - - [30/Oct/2021:16:11:31 +0300] "GET /?name=&content= HTTP/1.1" 304 -
::1 - - [30/Oct/2021:16:11:32 +0300] "GET /?name=&content= HTTP/1.1" 304 -
::1 - - [30/Oct/2021:16:11:37 +0300] "GET /?name=&content= HTTP/1.1" 200 2330
::1 - - [30/Oct/2021:16:11:38 +0300] "GET /textFiles.xml HTTP/1.1" 304 -
::1 - - [30/Oct/2021:16:12:42 +0300] "GET /?name=&content= HTTP/1.1" 200 2442
::1 - - [30/Oct/2021:16:12:43 +0300] "GET /textFiles.xml HTTP/1.1" 304 -
::1 - - [30/Oct/2021:16:14:05 +0300] "GET /?name=&content= HTTP/1.1" 200 2523
::1 - - [30/Oct/2021:16:14:06 +0300] "GET /textFiles.xml HTTP/1.1" 304 -
::1 - - [30/Oct/2021:16:18:49 +0300] "GET /?name=&content= HTTP/1.1" 200 2513
::1 - - [30/Oct/2021:16:18:49 +0300] "GET /styles.css HTTP/1.1" 304 -
::1 - - [30/Oct/2021:16:18:50 +0300] "GET /textFiles.xml HTTP/1.1" 304 -
::1 - - [30/Oct/2021:16:20:43 +0300] "GET /?name=&content= HTTP/1.1" 200 2403
::1 - - [30/Oct/2021:16:20:46 +0300] "GET /textFiles.xml HTTP/1.1" 304 -
::1 - - [30/Oct/2021:16:21:23 +0300] "GET /?name=&content= HTTP/1.1" 200 2311
::1 - - [30/Oct/2021:16:22:07 +0300] "GET /?name=&content= HTTP/1.1" 200 2312
::1 - - [30/Oct/2021:16:22:11 +0300] "GET /?name=&content= HTTP/1.1" 304 -
::1 - - [30/Oct/2021:16:24:11 +0300] "GET /?name=&content= HTTP/1.1" 200 2358
::1 - - [30/Oct/2021:16:24:12 +0300] "GET /textFiles.xml HTTP/1.1" 304 -
::1 - - [30/Oct/2021:16:26:14 +0300] "GET /?name=&content= HTTP/1.1" 200 2300
::1 - - [30/Oct/2021:16:26:14 +0300] "GET /styles.css HTTP/1.1" 304 -
::1 - - [30/Oct/2021:16:26:15 +0300] "GET /textFiles.xml HTTP/1.1" 200 73
::1 - - [30/Oct/2021:17:03:36 +0300] "GET /?name=&content= HTTP/1.1" 200 2709
::1 - - [30/Oct/2021:17:03:36 +0300] "GET /styles.css HTTP/1.1" 304 -
::1 - - [30/Oct/2021:17:03:48 +0300] "GET /?name=hello&content=fes HTTP/1.1" 200 2709
::1 - - [30/Oct/2021:17:04:54 +0300] "GET /?name=hello&content=fes HTTP/1.1" 200 2729
::1 - - [30/Oct/2021:17:04:57 +0300] "GET /?name=ff&content=sa HTTP/1.1" 200 2729
::1 - - [30/Oct/2021:17:04:59 +0300] "GET /?name=&content= HTTP/1.1" 200 2729
::1 - - [30/Oct/2021:17:05:45 +0300] "GET /?name=&content= HTTP/1.1" 200 2697
::1 - - [30/Oct/2021:17:05:48 +0300] "GET /?name=f&content=fa HTTP/1.1" 200 2697
::1 - - [30/Oct/2021:17:06:12 +0300] "GET /?name=f&content=fa HTTP/1.1" 200 2719
::1 - - [30/Oct/2021:17:06:15 +0300] "GET /?name=da&content=net HTTP/1.1" 200 2719
::1 - - [30/Oct/2021:17:06:28 +0300] "GET /?name=&content= HTTP/1.1" 200 2719
::1 - - [30/Oct/2021:17:06:30 +0300] "GET /?name=&content= HTTP/1.1" 304 -
::1 - - [30/Oct/2021:17:06:32 +0300] "GET /?name=&content= HTTP/1.1" 304 -
::1 - - [30/Oct/2021:17:07:09 +0300] "GET /?name=f&content=f HTTP/1.1" 200 2763
::1 - - [30/Oct/2021:17:07:41 +0300] "GET /?name=f&content=f HTTP/1.1" 200 2753
::1 - - [30/Oct/2021:17:09:53 +0300] "GET /?name=f&content=f HTTP/1.1" 200 2710
::1 - - [30/Oct/2021:17:10:01 +0300] "GET /?name=f&content=f HTTP/1.1" 304 -
::1 - - [30/Oct/2021:17:10:03 +0300] "GET / HTTP/1.1" 200 2710
::1 - - [30/Oct/2021:17:10:28 +0300] "GET / HTTP/1.1" 200 2721
::1 - - [30/Oct/2021:17:10:34 +0300] "GET / HTTP/1.1" 304 -
::1 - - [30/Oct/2021:17:11:32 +0300] "GET / HTTP/1.1" 200 2715
::1 - - [30/Oct/2021:17:11:35 +0300] "GET / HTTP/1.1" 304 -
::1 - - [30/Oct/2021:17:12:17 +0300] "GET / HTTP/1.1" 200 2749
::1 - - [30/Oct/2021:17:12:27 +0300] "GET / HTTP/1.1" 200 2731
::1 - - [30/Oct/2021:17:12:28 +0300] "GET / HTTP/1.1" 304 -
::1 - - [30/Oct/2021:17:34:16 +0300] "GET / HTTP/1.1" 200 3219
::1 - - [30/Oct/2021:17:34:16 +0300] "GET /styles.css HTTP/1.1" 304 -
::1 - - [30/Oct/2021:17:34:18 +0300] "GET /textFiles.xml HTTP/1.1" 304 -
::1 - - [30/Oct/2021:17:34:32 +0300] "GET / HTTP/1.1" 304 -
::1 - - [30/Oct/2021:17:35:09 +0300] "GET / HTTP/1.1" 200 3226
::1 - - [30/Oct/2021:17:35:25 +0300] "GET / HTTP/1.1" 200 3219
::1 - - [30/Oct/2021:17:36:51 +0300] "GET / HTTP/1.1" 200 3226
::1 - - [30/Oct/2021:17:40:40 +0300] "GET / HTTP/1.1" 200 3221
::1 - - [30/Oct/2021:17:40:48 +0300] "GET / HTTP/1.1" 200 3222
::1 - - [30/Oct/2021:17:40:52 +0300] "GET / HTTP/1.1" 304 -
::1 - - [30/Oct/2021:17:41:03 +0300] "GET / HTTP/1.1" 200 3229
::1 - - [30/Oct/2021:17:41:10 +0300] "GET / HTTP/1.1" 200 3228
::1 - - [30/Oct/2021:17:41:11 +0300] "GET /textFiles.xml HTTP/1.1" 200 84
::1 - - [30/Oct/2021:17:41:13 +0300] "GET / HTTP/1.1" 304 -
::1 - - [30/Oct/2021:17:42:38 +0300] "GET / HTTP/1.1" 304 -
::1 - - [30/Oct/2021:17:42:39 +0300] "GET /textFiles.xml HTTP/1.1" 304 -
::1 - - [30/Oct/2021:17:42:46 +0300] "GET / HTTP/1.1" 200 3222
::1 - - [30/Oct/2021:17:42:52 +0300] "GET / HTTP/1.1" 200 3223
::1 - - [30/Oct/2021:17:43:34 +0300] "GET / HTTP/1.1" 200 3222
::1 - - [30/Oct/2021:17:43:35 +0300] "GET /textFiles.xml HTTP/1.1" 304 -
::1 - - [30/Oct/2021:17:43:39 +0300] "GET / HTTP/1.1" 200 3223
::1 - - [30/Oct/2021:17:44:18 +0300] "GET / HTTP/1.1" 200 3221
::1 - - [30/Oct/2021:17:44:25 +0300] "GET / HTTP/1.1" 200 3220
::1 - - [30/Oct/2021:17:44:31 +0300] "GET / HTTP/1.1" 200 3219
::1 - - [30/Oct/2021:17:44:32 +0300] "GET /textFiles.xml HTTP/1.1" 304 -
::1 - - [30/Oct/2021:17:45:13 +0300] "GET / HTTP/1.1" 200 3220
::1 - - [30/Oct/2021:17:46:25 +0300] "GET / HTTP/1.1" 200 3225
::1 - - [30/Oct/2021:17:46:30 +0300] "GET / HTTP/1.1" 304 -
::1 - - [30/Oct/2021:17:46:31 +0300] "GET /textFiles.xml HTTP/1.1" 304 -
::1 - - [30/Oct/2021:17:46:59 +0300] "GET / HTTP/1.1" 200 3223
::1 - - [30/Oct/2021:17:47:21 +0300] "GET / HTTP/1.1" 200 3218
::1 - - [30/Oct/2021:17:49:24 +0300] "GET / HTTP/1.1" 200 3227
::1 - - [30/Oct/2021:17:49:24 +0300] "GET /styles.css HTTP/1.1" 304 -
::1 - - [30/Oct/2021:17:49:25 +0300] "GET /textFiles.xml HTTP/1.1" 200 93
::1 - - [30/Oct/2021:17:49:31 +0300] "GET / HTTP/1.1" 200 3228
::1 - - [30/Oct/2021:17:49:40 +0300] "GET / HTTP/1.1" 200 3228
::1 - - [30/Oct/2021:17:49:41 +0300] "GET /textFiles.xml HTTP/1.1" 304 -
::1 - - [30/Oct/2021:17:51:10 +0300] "GET / HTTP/1.1" 200 3235
::1 - - [30/Oct/2021:17:51:11 +0300] "GET /textFiles.xml HTTP/1.1" 304 -
::1 - - [30/Oct/2021:17:52:28 +0300] "GET / HTTP/1.1" 200 3235
::1 - - [30/Oct/2021:17:52:29 +0300] "GET /textFiles.xml HTTP/1.1" 304 -
::1 - - [30/Oct/2021:17:52:37 +0300] "GET / HTTP/1.1" 200 3236
::1 - - [30/Oct/2021:17:57:21 +0300] "GET / HTTP/1.1" 200 3272
::1 - - [30/Oct/2021:17:57:25 +0300] "GET /textFiles.xml HTTP/1.1" 304 -
::1 - - [30/Oct/2021:17:57:46 +0300] "GET / HTTP/1.1" 200 3259
::1 - - [30/Oct/2021:18:01:17 +0300] "GET /textFiles.xml HTTP/1.1" 304 -
::1 - - [30/Oct/2021:18:01:29 +0300] "GET / HTTP/1.1" 200 3250
::1 - - [30/Oct/2021:18:01:50 +0300] "GET / HTTP/1.1" 200 3303
::1 - - [30/Oct/2021:18:02:24 +0300] "GET / HTTP/1.1" 200 3312
::1 - - [30/Oct/2021:18:03:01 +0300] "GET / HTTP/1.1" 200 3312
::1 - - [30/Oct/2021:18:03:02 +0300] "GET /textFiles.xml HTTP/1.1" 304 -
::1 - - [30/Oct/2021:18:04:27 +0300] "GET / HTTP/1.1" 200 3311
::1 - - [30/Oct/2021:18:04:27 +0300] "GET /styles.css HTTP/1.1" 304 -
::1 - - [30/Oct/2021:18:04:40 +0300] "GET / HTTP/1.1" 200 3311
::1 - - [30/Oct/2021:18:04:41 +0300] "GET /textFiles.xml HTTP/1.1" 304 -
::1 - - [30/Oct/2021:18:04:47 +0300] "GET / HTTP/1.1" 200 3313
::1 - - [30/Oct/2021:18:05:10 +0300] "GET / HTTP/1.1" 200 3311
::1 - - [30/Oct/2021:18:05:33 +0300] "GET / HTTP/1.1" 200 3259
::1 - - [30/Oct/2021:18:05:50 +0300] "GET / HTTP/1.1" 200 3312
::1 - - [30/Oct/2021:18:06:18 +0300] "GET / HTTP/1.1" 200 3332
::1 - - [30/Oct/2021:18:10:05 +0300] "GET /textFiles.xml HTTP/1.1" 304 -
::1 - - [30/Oct/2021:18:11:03 +0300] "GET / HTTP/1.1" 200 3340
::1 - - [30/Oct/2021:18:11:16 +0300] "GET / HTTP/1.1" 200 3338
::1 - - [30/Oct/2021:18:11:42 +0300] "GET / HTTP/1.1" 200 3329
::1 - - [30/Oct/2021:18:11:46 +0300] "GET / HTTP/1.1" 304 -
::1 - - [30/Oct/2021:18:49:11 +0300] "GET / HTTP/1.1" 200 3520
::1 - - [30/Oct/2021:18:49:11 +0300] "GET /styles.css HTTP/1.1" 304 -
::1 - - [30/Oct/2021:18:49:14 +0300] "GET /textFiles.xml HTTP/1.1" 304 -
::1 - - [30/Oct/2021:18:49:34 +0300] "GET / HTTP/1.1" 304 -
::1 - - [30/Oct/2021:18:50:17 +0300] "GET / HTTP/1.1" 200 3520
::1 - - [30/Oct/2021:18:51:30 +0300] "GET / HTTP/1.1" 200 3329
::1 - - [30/Oct/2021:18:51:59 +0300] "GET / HTTP/1.1" 304 -
::1 - - [30/Oct/2021:18:52:23 +0300] "GET / HTTP/1.1" 200 3332
::1 - - [30/Oct/2021:18:52:32 +0300] "GET / HTTP/1.1" 200 3331
::1 - - [30/Oct/2021:18:53:11 +0300] "GET / HTTP/1.1" 200 3332
::1 - - [30/Oct/2021:18:53:30 +0300] "GET / HTTP/1.1" 200 3332
::1 - - [30/Oct/2021:18:53:35 +0300] "GET / HTTP/1.1" 200 3524
::1 - - [30/Oct/2021:18:53:37 +0300] "POST /editFiles.php HTTP/1.1" 200 61
::1 - - [30/Oct/2021:18:54:07 +0300] "GET / HTTP/1.1" 304 -
::1 - - [30/Oct/2021:18:54:09 +0300] "POST /editFiles.php HTTP/1.1" 200 65
::1 - - [30/Oct/2021:18:57:04 +0300] "GET /textFiles.xml HTTP/1.1" 200 93
::1 - - [30/Oct/2021:18:57:05 +0300] "POST /editFiles.php HTTP/1.1" 200 111
::1 - - [30/Oct/2021:18:57:06 +0300] "GET / HTTP/1.1" 200 3548
::1 - - [30/Oct/2021:18:57:07 +0300] "POST /editFiles.php HTTP/1.1" 200 111
::1 - - [30/Oct/2021:18:59:40 +0300] "GET / HTTP/1.1" 200 3554
::1 - - [30/Oct/2021:18:59:42 +0300] "GET /textFiles.xml HTTP/1.1" 200 -
::1 - - [30/Oct/2021:18:59:43 +0300] "GET /editFiles.php HTTP/1.1" 200 111
::1 - - [30/Oct/2021:19:00:36 +0300] "GET /textFiles.xml HTTP/1.1" 200 -
::1 - - [30/Oct/2021:19:21:41 +0300] "GET / HTTP/1.1" 200 3742
::1 - - [30/Oct/2021:19:21:41 +0300] "GET /styles.css HTTP/1.1" 200 1317
::1 - - [30/Oct/2021:19:21:42 +0300] "GET /textFiles.xml HTTP/1.1" 200 84
::1 - - [30/Oct/2021:19:22:09 +0300] "GET / HTTP/1.1" 200 3765
::1 - - [30/Oct/2021:19:22:24 +0300] "GET / HTTP/1.1" 200 3903
::1 - - [30/Oct/2021:19:22:36 +0300] "GET / HTTP/1.1" 200 3884
::1 - - [30/Oct/2021:19:23:16 +0300] "GET / HTTP/1.1" 200 4059
::1 - - [30/Oct/2021:19:23:30 +0300] "GET / HTTP/1.1" 200 3940
::1 - - [30/Oct/2021:19:24:11 +0300] "GET / HTTP/1.1" 200 4050
::1 - - [30/Oct/2021:19:24:12 +0300] "GET /textFiles.xml HTTP/1.1" 304 -
::1 - - [30/Oct/2021:19:24:25 +0300] "GET / HTTP/1.1" 200 4112
::1 - - [30/Oct/2021:19:25:32 +0300] "GET / HTTP/1.1" 200 4108
::1 - - [30/Oct/2021:19:25:32 +0300] "GET /styles.css HTTP/1.1" 304 -
::1 - - [30/Oct/2021:19:26:18 +0300] "GET / HTTP/1.1" 200 4083
::1 - - [30/Oct/2021:19:27:29 +0300] "GET / HTTP/1.1" 200 4159
::1 - - [30/Oct/2021:19:27:32 +0300] "GET /textFiles.xml HTTP/1.1" 304 -
::1 - - [30/Oct/2021:19:27:50 +0300] "GET / HTTP/1.1" 200 4175
::1 - - [30/Oct/2021:19:27:59 +0300] "GET / HTTP/1.1" 200 4176
::1 - - [30/Oct/2021:19:28:35 +0300] "GET / HTTP/1.1" 200 4172
::1 - - [30/Oct/2021:19:35:18 +0300] "GET / HTTP/1.1" 200 4204
::1 - - [30/Oct/2021:19:35:18 +0300] "GET /styles.css HTTP/1.1" 304 -
::1 - - [30/Oct/2021:19:35:20 +0300] "GET /textFiles.xml HTTP/1.1" 304 -
::1 - - [30/Oct/2021:19:35:29 +0300] "GET / HTTP/1.1" 200 4208
::1 - - [30/Oct/2021:19:37:49 +0300] "GET / HTTP/1.1" 200 4475
::1 - - [30/Oct/2021:19:38:18 +0300] "GET / HTTP/1.1" 200 4523
::1 - - [30/Oct/2021:19:38:40 +0300] "GET / HTTP/1.1" 200 4524
::1 - - [30/Oct/2021:19:38:42 +0300] "GET /textFiles.xml HTTP/1.1" 304 -
::1 - - [30/Oct/2021:19:38:56 +0300] "GET / HTTP/1.1" 200 4523
::1 - - [30/Oct/2021:19:39:56 +0300] "GET / HTTP/1.1" 200 4536
::1 - - [30/Oct/2021:19:39:56 +0300] "GET /styles.css HTTP/1.1" 304 -
::1 - - [30/Oct/2021:19:42:48 +0300] "GET / HTTP/1.1" 200 4260
::1 - - [30/Oct/2021:19:42:50 +0300] "GET /textFiles.xml HTTP/1.1" 304 -
::1 - - [30/Oct/2021:19:43:02 +0300] "GET / HTTP/1.1" 200 4315
::1 - - [30/Oct/2021:19:43:37 +0300] "GET / HTTP/1.1" 200 4318
::1 - - [30/Oct/2021:19:43:56 +0300] "GET / HTTP/1.1" 200 4212
::1 - - [30/Oct/2021:19:44:20 +0300] "GET / HTTP/1.1" 200 4211
::1 - - [30/Oct/2021:19:58:41 +0300] "GET /textFiles.xml HTTP/1.1" 304 -
::1 - - [30/Oct/2021:19:58:43 +0300] "GET / HTTP/1.1" 200 4065
::1 - - [30/Oct/2021:19:58:43 +0300] "GET /styles.css HTTP/1.1" 304 -
::1 - - [30/Oct/2021:19:58:47 +0300] "POST /deleteFile.php HTTP/1.1" 200 361
::1 - - [30/Oct/2021:20:00:37 +0300] "GET / HTTP/1.1" 200 4075
::1 - - [30/Oct/2021:20:00:40 +0300] "POST /deleteFile.php HTTP/1.1" 200 359
::1 - - [30/Oct/2021:20:01:57 +0300] "GET / HTTP/1.1" 200 4075
::1 - - [30/Oct/2021:20:01:59 +0300] "POST /deleteFile.php HTTP/1.1" 200 359
::1 - - [30/Oct/2021:20:02:56 +0300] "GET / HTTP/1.1" 304 -
::1 - - [30/Oct/2021:20:03:08 +0300] "GET / HTTP/1.1" 304 -
::1 - - [30/Oct/2021:20:03:10 +0300] "POST /deleteFile.php HTTP/1.1" 200 358
::1 - - [30/Oct/2021:20:05:08 +0300] "GET / HTTP/1.1" 304 -
::1 - - [30/Oct/2021:20:05:10 +0300] "POST /deleteFile.php HTTP/1.1" 200 -
::1 - - [30/Oct/2021:20:18:45 +0300] "GET / HTTP/1.1" 200 4568
::1 - - [30/Oct/2021:20:18:45 +0300] "GET /styles.css HTTP/1.1" 304 -
::1 - - [30/Oct/2021:20:18:48 +0300] "POST /delete.php HTTP/1.1" 404 196
::1 - - [30/Oct/2021:20:18:49 +0300] "POST /delete.php HTTP/1.1" 404 196
::1 - - [30/Oct/2021:20:18:49 +0300] "POST /delete.php HTTP/1.1" 404 196
::1 - - [30/Oct/2021:20:18:49 +0300] "POST /delete.php HTTP/1.1" 404 196
::1 - - [30/Oct/2021:20:18:49 +0300] "POST /delete.php HTTP/1.1" 404 196
::1 - - [30/Oct/2021:20:18:52 +0300] "GET / HTTP/1.1" 304 -
::1 - - [30/Oct/2021:20:18:54 +0300] "POST /delete.php HTTP/1.1" 404 196
::1 - - [30/Oct/2021:20:21:23 +0300] "GET / HTTP/1.1" 200 4572
::1 - - [30/Oct/2021:20:21:25 +0300] "POST /deleteFile.php HTTP/1.1" 200 -
::1 - - [30/Oct/2021:20:26:51 +0300] "GET /textFiles.xml HTTP/1.1" 304 -
::1 - - [30/Oct/2021:20:29:37 +0300] "GET / HTTP/1.1" 200 4243
::1 - - [30/Oct/2021:20:29:37 +0300] "GET /styles.css HTTP/1.1" 304 -
::1 - - [30/Oct/2021:20:30:06 +0300] "GET / HTTP/1.1" 200 4243
::1 - - [30/Oct/2021:20:31:01 +0300] "GET / HTTP/1.1" 304 -
::1 - - [30/Oct/2021:20:31:51 +0300] "GET / HTTP/1.1" 200 4413
::1 - - [30/Oct/2021:20:34:28 +0300] "POST /deleteFile.php HTTP/1.1" 200 -
::1 - - [30/Oct/2021:20:34:29 +0300] "POST /editFiles.php HTTP/1.1" 200 -
::1 - - [30/Oct/2021:20:34:48 +0300] "GET / HTTP/1.1" 200 4394
::1 - - [30/Oct/2021:20:36:44 +0300] "GET /textFiles.xml HTTP/1.1" 304 -
::1 - - [30/Oct/2021:20:36:46 +0300] "GET / HTTP/1.1" 200 4332
::1 - - [30/Oct/2021:20:37:04 +0300] "GET / HTTP/1.1" 304 -
::1 - - [30/Oct/2021:20:37:41 +0300] "GET / HTTP/1.1" 200 4334
::1 - - [30/Oct/2021:20:37:42 +0300] "GET / HTTP/1.1" 304 -
::1 - - [30/Oct/2021:20:37:42 +0300] "GET / HTTP/1.1" 304 -
::1 - - [30/Oct/2021:20:37:42 +0300] "GET / HTTP/1.1" 304 -
::1 - - [30/Oct/2021:20:37:42 +0300] "GET / HTTP/1.1" 304 -
::1 - - [30/Oct/2021:20:37:43 +0300] "GET / HTTP/1.1" 304 -
::1 - - [30/Oct/2021:20:38:07 +0300] "GET / HTTP/1.1" 200 4408
::1 - - [30/Oct/2021:20:38:08 +0300] "GET / HTTP/1.1" 304 -
::1 - - [30/Oct/2021:20:38:28 +0300] "GET / HTTP/1.1" 200 4410
::1 - - [30/Oct/2021:20:38:41 +0300] "GET / HTTP/1.1" 200 4408
::1 - - [30/Oct/2021:20:38:55 +0300] "GET / HTTP/1.1" 200 4354
::1 - - [30/Oct/2021:20:39:00 +0300] "GET / HTTP/1.1" 304 -
::1 - - [30/Oct/2021:20:39:03 +0300] "GET / HTTP/1.1" 304 -
::1 - - [30/Oct/2021:20:39:15 +0300] "GET / HTTP/1.1" 304 -
::1 - - [30/Oct/2021:20:40:14 +0300] "GET / HTTP/1.1" 200 4398
::1 - - [30/Oct/2021:20:40:14 +0300] "GET /styles.css HTTP/1.1" 304 -
::1 - - [30/Oct/2021:20:40:48 +0300] "GET / HTTP/1.1" 200 4385
::1 - - [30/Oct/2021:20:41:38 +0300] "GET / HTTP/1.1" 304 -
::1 - - [30/Oct/2021:20:41:39 +0300] "GET / HTTP/1.1" 304 -
::1 - - [30/Oct/2021:20:41:39 +0300] "GET / HTTP/1.1" 304 -
::1 - - [30/Oct/2021:20:41:46 +0300] "GET / HTTP/1.1" 304 -
::1 - - [30/Oct/2021:20:41:47 +0300] "GET / HTTP/1.1" 304 -
::1 - - [30/Oct/2021:20:41:48 +0300] "GET / HTTP/1.1" 304 -
::1 - - [30/Oct/2021:20:41:50 +0300] "GET / HTTP/1.1" 304 -
::1 - - [30/Oct/2021:20:42:05 +0300] "GET / HTTP/1.1" 304 -
::1 - - [30/Oct/2021:20:42:15 +0300] "GET / HTTP/1.1" 304 -
::1 - - [30/Oct/2021:20:42:21 +0300] "GET / HTTP/1.1" 200 4385
::1 - - [30/Oct/2021:20:42:29 +0300] "GET / HTTP/1.1" 304 -
::1 - - [30/Oct/2021:20:42:30 +0300] "GET / HTTP/1.1" 304 -
::1 - - [30/Oct/2021:20:42:30 +0300] "GET / HTTP/1.1" 304 -
::1 - - [30/Oct/2021:20:42:36 +0300] "GET / HTTP/1.1" 304 -
::1 - - [30/Oct/2021:20:43:39 +0300] "GET / HTTP/1.1" 304 -
::1 - - [30/Oct/2021:20:43:55 +0300] "GET / HTTP/1.1" 304 -
::1 - - [30/Oct/2021:20:44:29 +0300] "GET / HTTP/1.1" 200 4385
::1 - - [30/Oct/2021:20:46:21 +0300] "GET / HTTP/1.1" 304 -
::1 - - [30/Oct/2021:20:46:21 +0300] "GET /textFiles.xml HTTP/1.1" 304 -
::1 - - [30/Oct/2021:20:47:01 +0300] "GET / HTTP/1.1" 304 -
::1 - - [30/Oct/2021:20:47:47 +0300] "GET / HTTP/1.1" 304 -
::1 - - [30/Oct/2021:20:48:15 +0300] "GET / HTTP/1.1" 304 -
::1 - - [30/Oct/2021:20:49:01 +0300] "GET / HTTP/1.1" 304 -
::1 - - [30/Oct/2021:20:49:13 +0300] "GET /favicon.ico HTTP/1.1" 404 196
::1 - - [30/Oct/2021:20:49:32 +0300] "GET / HTTP/1.1" 304 -
::1 - - [30/Oct/2021:20:50:32 +0300] "GET / HTTP/1.1" 304 -
::1 - - [30/Oct/2021:20:53:44 +0300] "GET / HTTP/1.1" 200 4385
::1 - - [30/Oct/2021:20:53:44 +0300] "GET /styles.css HTTP/1.1" 200 1319
::1 - - [30/Oct/2021:20:53:44 +0300] "GET /textFiles.xml HTTP/1.1" 200 84
::1 - - [30/Oct/2021:20:53:52 +0300] "GET / HTTP/1.1" 304 -
::1 - - [30/Oct/2021:20:53:53 +0300] "GET / HTTP/1.1" 304 -
::1 - - [30/Oct/2021:20:53:54 +0300] "GET / HTTP/1.1" 304 -
::1 - - [30/Oct/2021:20:53:54 +0300] "GET / HTTP/1.1" 304 -
::1 - - [30/Oct/2021:20:53:54 +0300] "GET / HTTP/1.1" 304 -
::1 - - [30/Oct/2021:20:53:55 +0300] "GET / HTTP/1.1" 304 -
::1 - - [30/Oct/2021:20:54:27 +0300] "POST /deleteFile.php HTTP/1.1" 200 -
::1 - - [30/Oct/2021:20:54:28 +0300] "POST /editFiles.php HTTP/1.1" 200 -
::1 - - [30/Oct/2021:20:54:29 +0300] "POST /editFiles.php HTTP/1.1" 200 -
::1 - - [30/Oct/2021:20:54:29 +0300] "POST /deleteFile.php HTTP/1.1" 200 -
::1 - - [30/Oct/2021:20:54:30 +0300] "POST /editFiles.php HTTP/1.1" 200 -
::1 - - [30/Oct/2021:20:54:30 +0300] "POST /editFiles.php HTTP/1.1" 200 -
::1 - - [30/Oct/2021:20:54:30 +0300] "POST /deleteFile.php HTTP/1.1" 200 -
::1 - - [30/Oct/2021:20:54:31 +0300] "POST /editFiles.php HTTP/1.1" 200 -
::1 - - [30/Oct/2021:20:54:32 +0300] "POST /deleteFile.php HTTP/1.1" 200 -
::1 - - [30/Oct/2021:20:54:32 +0300] "POST /editFiles.php HTTP/1.1" 200 -
::1 - - [30/Oct/2021:20:54:32 +0300] "POST /deleteFile.php HTTP/1.1" 200 -
::1 - - [30/Oct/2021:20:54:34 +0300] "POST /editFiles.php HTTP/1.1" 200 -
::1 - - [30/Oct/2021:20:54:34 +0300] "POST /deleteFile.php HTTP/1.1" 200 -
::1 - - [30/Oct/2021:20:54:35 +0300] "POST /editFiles.php HTTP/1.1" 200 -
::1 - - [30/Oct/2021:20:56:08 +0300] "GET / HTTP/1.1" 200 4638
::1 - - [30/Oct/2021:20:56:08 +0300] "GET /styles.css HTTP/1.1" 200 1319
::1 - - [30/Oct/2021:20:56:10 +0300] "POST /deleteFile.php HTTP/1.1" 200 -
::1 - - [30/Oct/2021:20:56:12 +0300] "POST /deleteFile.php HTTP/1.1" 200 -
::1 - - [30/Oct/2021:20:56:42 +0300] "GET / HTTP/1.1" 200 5073
::1 - - [30/Oct/2021:20:56:43 +0300] "GET /styles.css HTTP/1.1" 304 -
::1 - - [30/Oct/2021:20:56:52 +0300] "POST /deleteFile.php HTTP/1.1" 200 -
::1 - - [30/Oct/2021:20:56:52 +0300] "POST /editFiles.php HTTP/1.1" 200 -
::1 - - [30/Oct/2021:20:58:51 +0300] "POST /deleteFile.php HTTP/1.1" 200 -
::1 - - [30/Oct/2021:20:58:52 +0300] "POST /deleteFile.php HTTP/1.1" 200 -
::1 - - [30/Oct/2021:20:58:52 +0300] "POST /deleteFile.php HTTP/1.1" 200 -
::1 - - [30/Oct/2021:20:58:53 +0300] "POST /deleteFile.php HTTP/1.1" 200 -
::1 - - [30/Oct/2021:20:58:53 +0300] "POST /deleteFile.php HTTP/1.1" 200 -
::1 - - [30/Oct/2021:20:58:53 +0300] "POST /deleteFile.php HTTP/1.1" 200 -
::1 - - [30/Oct/2021:20:58:54 +0300] "GET / HTTP/1.1" 200 5205
::1 - - [30/Oct/2021:20:58:54 +0300] "GET /styles.css HTTP/1.1" 304 -
::1 - - [30/Oct/2021:20:58:55 +0300] "POST /deleteFile.php HTTP/1.1" 200 -
::1 - - [30/Oct/2021:20:59:02 +0300] "POST /deleteFile.php HTTP/1.1" 200 -
::1 - - [30/Oct/2021:20:59:02 +0300] "POST /deleteFile.php HTTP/1.1" 200 -
::1 - - [30/Oct/2021:20:59:03 +0300] "POST /deleteFile.php HTTP/1.1" 200 -
::1 - - [30/Oct/2021:21:01:00 +0300] "GET / HTTP/1.1" 200 5386
::1 - - [30/Oct/2021:21:01:00 +0300] "GET /styles.css HTTP/1.1" 304 -
::1 - - [30/Oct/2021:21:01:03 +0300] "POST /deleteFile.php HTTP/1.1" 200 -
::1 - - [30/Oct/2021:21:01:22 +0300] "POST /deleteFile.php HTTP/1.1" 200 -
::1 - - [30/Oct/2021:21:01:32 +0300] "GET / HTTP/1.1" 200 5388
::1 - - [30/Oct/2021:21:01:34 +0300] "POST /deleteFile.php HTTP/1.1" 200 -
::1 - - [30/Oct/2021:21:01:53 +0300] "GET / HTTP/1.1" 200 5386
::1 - - [30/Oct/2021:21:01:53 +0300] "GET /styles.css HTTP/1.1" 304 -
::1 - - [30/Oct/2021:21:01:59 +0300] "POST /deleteFile.php HTTP/1.1" 200 -
::1 - - [30/Oct/2021:21:02:01 +0300] "POST /editFiles.php HTTP/1.1" 200 -
::1 - - [30/Oct/2021:21:02:02 +0300] "POST /editFiles.php HTTP/1.1" 200 -
::1 - - [30/Oct/2021:21:02:02 +0300] "POST /editFiles.php HTTP/1.1" 200 -
::1 - - [30/Oct/2021:21:27:09 +0300] "GET / HTTP/1.1" 304 -
::1 - - [30/Oct/2021:21:27:09 +0300] "GET /styles.css HTTP/1.1" 304 -
::1 - - [30/Oct/2021:21:27:09 +0300] "GET /textFiles.xml HTTP/1.1" 304 -
::1 - - [30/Oct/2021:21:27:14 +0300] "POST /deleteFile.php HTTP/1.1" 200 119
::1 - - [30/Oct/2021:21:45:33 +0300] "GET / HTTP/1.1" 304 -
::1 - - [30/Oct/2021:21:45:33 +0300] "GET /styles.css HTTP/1.1" 304 -
::1 - - [30/Oct/2021:21:45:33 +0300] "GET /textFiles.xml HTTP/1.1" 304 -
::1 - - [30/Oct/2021:21:45:36 +0300] "POST /deleteFile.php HTTP/1.1" 200 206
::1 - - [30/Oct/2021:21:45:40 +0300] "POST /deleteFile.php HTTP/1.1" 200 206
::1 - - [30/Oct/2021:21:46:28 +0300] "GET / HTTP/1.1" 304 -
::1 - - [30/Oct/2021:21:46:31 +0300] "POST /deleteFile.php HTTP/1.1" 200 -
::1 - - [30/Oct/2021:21:47:10 +0300] "GET / HTTP/1.1" 304 -
::1 - - [30/Oct/2021:21:47:15 +0300] "POST /deleteFile.php HTTP/1.1" 200 -
::1 - - [30/Oct/2021:21:53:02 +0300] "GET / HTTP/1.1" 304 -
::1 - - [30/Oct/2021:21:53:02 +0300] "GET /styles.css HTTP/1.1" 304 -
::1 - - [30/Oct/2021:21:53:03 +0300] "POST /deleteFile.php HTTP/1.1" 200 -
::1 - - [30/Oct/2021:21:54:26 +0300] "GET / HTTP/1.1" 304 -
::1 - - [30/Oct/2021:21:54:35 +0300] "POST /editFiles.php HTTP/1.1" 200 204
::1 - - [30/Oct/2021:21:54:36 +0300] "POST /editFiles.php HTTP/1.1" 200 204
::1 - - [30/Oct/2021:21:54:38 +0300] "POST /editFiles.php HTTP/1.1" 200 204
::1 - - [30/Oct/2021:21:54:38 +0300] "POST /editFiles.php HTTP/1.1" 200 204
::1 - - [30/Oct/2021:21:54:41 +0300] "POST /editFiles.php HTTP/1.1" 200 204
::1 - - [30/Oct/2021:21:54:41 +0300] "POST /editFiles.php HTTP/1.1" 200 204
::1 - - [30/Oct/2021:21:54:41 +0300] "POST /editFiles.php HTTP/1.1" 200 204
::1 - - [30/Oct/2021:21:54:41 +0300] "POST /editFiles.php HTTP/1.1" 200 204
::1 - - [30/Oct/2021:21:54:42 +0300] "GET / HTTP/1.1" 304 -
::1 - - [30/Oct/2021:21:54:49 +0300] "POST /editFiles.php HTTP/1.1" 200 204
::1 - - [30/Oct/2021:21:54:49 +0300] "POST /editFiles.php HTTP/1.1" 200 204
::1 - - [30/Oct/2021:21:54:49 +0300] "POST /editFiles.php HTTP/1.1" 200 204
::1 - - [30/Oct/2021:21:54:50 +0300] "POST /editFiles.php HTTP/1.1" 200 204
::1 - - [30/Oct/2021:21:54:50 +0300] "POST /editFiles.php HTTP/1.1" 200 204
::1 - - [30/Oct/2021:21:54:50 +0300] "POST /editFiles.php HTTP/1.1" 200 204
::1 - - [30/Oct/2021:21:54:50 +0300] "POST /editFiles.php HTTP/1.1" 200 204
::1 - - [30/Oct/2021:21:54:50 +0300] "POST /editFiles.php HTTP/1.1" 200 204
::1 - - [30/Oct/2021:21:54:50 +0300] "POST /editFiles.php HTTP/1.1" 200 204
::1 - - [30/Oct/2021:21:56:33 +0300] "POST /editFiles.php HTTP/1.1" 200 204
::1 - - [30/Oct/2021:21:56:34 +0300] "GET / HTTP/1.1" 200 5554
::1 - - [30/Oct/2021:21:56:38 +0300] "POST /editFiles.php HTTP/1.1" 200 204
::1 - - [30/Oct/2021:21:57:03 +0300] "GET / HTTP/1.1" 304 -
::1 - - [30/Oct/2021:21:57:09 +0300] "POST /editFiles.php HTTP/1.1" 200 -
::1 - - [30/Oct/2021:21:59:14 +0300] "GET / HTTP/1.1" 304 -
::1 - - [30/Oct/2021:21:59:14 +0300] "GET /styles.css HTTP/1.1" 304 -
::1 - - [30/Oct/2021:21:59:21 +0300] "POST /editFiles.php HTTP/1.1" 200 324
::1 - - [30/Oct/2021:21:59:45 +0300] "GET / HTTP/1.1" 304 -
::1 - - [30/Oct/2021:21:59:50 +0300] "POST /editFiles.php HTTP/1.1" 200 -
::1 - - [30/Oct/2021:22:00:34 +0300] "GET / HTTP/1.1" 304 -
::1 - - [30/Oct/2021:22:00:46 +0300] "GET / HTTP/1.1" 304 -
::1 - - [30/Oct/2021:22:00:48 +0300] "GET / HTTP/1.1" 304 -
::1 - - [30/Oct/2021:22:01:10 +0300] "POST /editFiles.php HTTP/1.1" 200 -
::1 - - [30/Oct/2021:22:01:27 +0300] "POST /deleteFile.php HTTP/1.1" 200 -
::1 - - [30/Oct/2021:22:02:56 +0300] "GET / HTTP/1.1" 200 5554
::1 - - [30/Oct/2021:22:02:56 +0300] "GET /textFiles.xml HTTP/1.1" 200 110
::1 - - [30/Oct/2021:22:03:09 +0300] "POST /editFiles.php HTTP/1.1" 200 -
::1 - - [30/Oct/2021:22:03:10 +0300] "GET /textFiles.xml HTTP/1.1" 200 126
::1 - - [30/Oct/2021:22:04:11 +0300] "GET / HTTP/1.1" 304 -
::1 - - [30/Oct/2021:22:04:11 +0300] "GET /textFiles.xml HTTP/1.1" 304 -
::1 - - [30/Oct/2021:22:04:24 +0300] "GET /textFiles.xml HTTP/1.1" 200 76
::1 - - [30/Oct/2021:22:04:41 +0300] "POST /editFiles.php HTTP/1.1" 200 -
::1 - - [30/Oct/2021:22:04:42 +0300] "GET /textFiles.xml HTTP/1.1" 200 123
::1 - - [30/Oct/2021:22:04:44 +0300] "GET /textFiles.xml HTTP/1.1" 304 -
::1 - - [30/Oct/2021:22:05:15 +0300] "POST /deleteFile.php HTTP/1.1" 200 -
::1 - - [30/Oct/2021:22:05:15 +0300] "GET /textFiles.xml HTTP/1.1" 200 76
::1 - - [30/Oct/2021:22:05:17 +0300] "GET /textFiles.xml HTTP/1.1" 304 -
::1 - - [30/Oct/2021:22:05:24 +0300] "POST /editFiles.php HTTP/1.1" 200 -
::1 - - [30/Oct/2021:22:05:25 +0300] "GET /textFiles.xml HTTP/1.1" 200 123
::1 - - [30/Oct/2021:22:05:43 +0300] "POST /editFiles.php HTTP/1.1" 200 -
::1 - - [30/Oct/2021:22:05:49 +0300] "POST /deleteFile.php HTTP/1.1" 200 -
::1 - - [30/Oct/2021:22:05:51 +0300] "GET /textFiles.xml HTTP/1.1" 200 118
::1 - - [30/Oct/2021:22:05:53 +0300] "GET /textFiles.xml HTTP/1.1" 304 -
::1 - - [30/Oct/2021:22:06:02 +0300] "POST /deleteFile.php HTTP/1.1" 200 -
::1 - - [30/Oct/2021:22:06:03 +0300] "GET /textFiles.xml HTTP/1.1" 200 118
::1 - - [30/Oct/2021:22:06:03 +0300] "GET /textFiles.xml HTTP/1.1" 304 -
::1 - - [30/Oct/2021:22:06:04 +0300] "GET /textFiles.xml HTTP/1.1" 304 -
::1 - - [30/Oct/2021:22:06:04 +0300] "GET /textFiles.xml HTTP/1.1" 304 -
::1 - - [30/Oct/2021:22:06:05 +0300] "GET /textFiles.xml HTTP/1.1" 304 -
::1 - - [30/Oct/2021:22:06:05 +0300] "GET /textFiles.xml HTTP/1.1" 304 -
::1 - - [30/Oct/2021:22:06:06 +0300] "GET /textFiles.xml HTTP/1.1" 304 -
::1 - - [30/Oct/2021:22:06:15 +0300] "POST /deleteFile.php HTTP/1.1" 200 -
::1 - - [30/Oct/2021:22:06:19 +0300] "POST /deleteFile.php HTTP/1.1" 200 -
::1 - - [30/Oct/2021:22:06:24 +0300] "POST /editFiles.php HTTP/1.1" 200 -
::1 - - [30/Oct/2021:22:06:35 +0300] "POST /editFiles.php HTTP/1.1" 200 -
::1 - - [30/Oct/2021:22:06:41 +0300] "POST /editFiles.php HTTP/1.1" 200 -
::1 - - [30/Oct/2021:22:06:42 +0300] "GET /textFiles.xml HTTP/1.1" 200 174
::1 - - [30/Oct/2021:22:07:17 +0300] "GET / HTTP/1.1" 200 5648
::1 - - [30/Oct/2021:22:07:17 +0300] "GET /styles.css HTTP/1.1" 304 -
::1 - - [30/Oct/2021:22:07:17 +0300] "GET /textFiles.xml HTTP/1.1" 304 -
::1 - - [30/Oct/2021:22:07:36 +0300] "POST /editFiles.php HTTP/1.1" 200 -
::1 - - [30/Oct/2021:22:07:36 +0300] "GET /textFiles.xml HTTP/1.1" 200 216
::1 - - [30/Oct/2021:22:07:41 +0300] "GET /textFiles.xml HTTP/1.1" 304 -
::1 - - [30/Oct/2021:22:07:42 +0300] "GET /textFiles.xml HTTP/1.1" 304 -
::1 - - [30/Oct/2021:22:07:43 +0300] "GET /textFiles.xml HTTP/1.1" 304 -
::1 - - [30/Oct/2021:22:07:49 +0300] "GET /textFiles.xml HTTP/1.1" 304 -
::1 - - [30/Oct/2021:22:07:55 +0300] "GET / HTTP/1.1" 304 -
::1 - - [30/Oct/2021:22:07:55 +0300] "GET /textFiles.xml HTTP/1.1" 304 -
::1 - - [03/Nov/2021:14:00:50 +0200] "GET /index.html HTTP/1.1" 200 5648
::1 - - [03/Nov/2021:14:00:50 +0200] "GET /styles.css HTTP/1.1" 304 -
::1 - - [03/Nov/2021:14:00:50 +0200] "GET /textFiles.xml HTTP/1.1" 200 219
::1 - - [03/Nov/2021:14:01:50 +0200] "-" 408 -
::1 - - [03/Nov/2021:14:04:28 +0200] "POST /editFiles.php HTTP/1.1" 200 -
::1 - - [03/Nov/2021:14:04:44 +0200] "POST /deleteFile.php HTTP/1.1" 200 -
::1 - - [03/Nov/2021:14:05:03 +0200] "POST /deleteFile.php HTTP/1.1" 200 -
::1 - - [03/Nov/2021:14:05:23 +0200] "GET /index.html HTTP/1.1" 304 -
::1 - - [03/Nov/2021:14:05:30 +0200] "GET /index.html HTTP/1.1" 200 5648
::1 - - [03/Nov/2021:14:05:30 +0200] "GET /styles.css HTTP/1.1" 200 1319
::1 - - [03/Nov/2021:14:05:31 +0200] "GET /textFiles.xml HTTP/1.1" 200 217
::1 - - [03/Nov/2021:14:05:31 +0200] "GET /favicon.ico HTTP/1.1" 404 196
::1 - - [03/Nov/2021:14:05:44 +0200] "GET /textFiles.xml HTTP/1.1" 304 -
::1 - - [03/Nov/2021:14:05:57 +0200] "POST /editFiles.php HTTP/1.1" 200 -
::1 - - [03/Nov/2021:14:05:57 +0200] "GET /textFiles.xml HTTP/1.1" 200 250
::1 - - [03/Nov/2021:14:06:05 +0200] "GET /textFiles.xml HTTP/1.1" 304 -
::1 - - [03/Nov/2021:14:06:08 +0200] "POST /deleteFile.php HTTP/1.1" 200 -
::1 - - [03/Nov/2021:14:06:09 +0200] "GET /textFiles.xml HTTP/1.1" 200 217
::1 - - [03/Nov/2021:14:09:51 +0200] "GET /textFiles.xml HTTP/1.1" 304 -
::1 - - [31/Dec/2021:18:10:42 +0200] "POST /editFiles.php HTTP/1.1" 200 -
::1 - - [31/Dec/2021:18:11:20 +0200] "GET / HTTP/1.1" 200 5648
::1 - - [31/Dec/2021:18:11:20 +0200] "GET /styles.css HTTP/1.1" 200 1319
::1 - - [31/Dec/2021:18:11:20 +0200] "GET /textFiles.xml HTTP/1.1" 200 254
::1 - - [31/Dec/2021:18:11:21 +0200] "GET /favicon.ico HTTP/1.1" 404 196
::1 - - [31/Dec/2021:18:11:33 +0200] "GET /textFiles.xml HTTP/1.1" 304 -
::1 - - [31/Dec/2021:18:11:36 +0200] "POST /deleteFile.php HTTP/1.1" 200 -
::1 - - [31/Dec/2021:18:11:40 +0200] "GET / HTTP/1.1" 304 -
::1 - - [31/Dec/2021:18:11:40 +0200] "GET /textFiles.xml HTTP/1.1" 200 217
::1 - - [31/Dec/2021:18:11:57 +0200] "GET /textFiles.xml HTTP/1.1" 304 -
::1 - - [31/Dec/2021:18:12:14 +0200] "POST /editFiles.php HTTP/1.1" 200 -
::1 - - [31/Dec/2021:18:12:14 +0200] "GET /textFiles.xml HTTP/1.1" 200 244
::1 - - [31/Dec/2021:18:12:19 +0200] "GET /textFiles.xml HTTP/1.1" 304 -
::1 - - [31/Dec/2021:18:12:21 +0200] "POST /deleteFile.php HTTP/1.1" 200 -
::1 - - [31/Dec/2021:18:12:21 +0200] "GET /textFiles.xml HTTP/1.1" 200 217
::1 - - [31/Dec/2021:18:12:32 +0200] "POST /editFiles.php HTTP/1.1" 200 -
::1 - - [31/Dec/2021:18:12:32 +0200] "GET /textFiles.xml HTTP/1.1" 200 256
::1 - - [31/Dec/2021:18:12:35 +0200] "POST /deleteFile.php HTTP/1.1" 200 -
::1 - - [31/Dec/2021:18:12:35 +0200] "GET /textFiles.xml HTTP/1.1" 200 217
::1 - - [31/Dec/2021:18:12:37 +0200] "POST /editFiles.php HTTP/1.1" 200 -
::1 - - [31/Dec/2021:18:12:37 +0200] "GET /textFiles.xml HTTP/1.1" 200 256
::1 - - [31/Dec/2021:18:12:39 +0200] "GET /textFiles.xml HTTP/1.1" 304 -
::1 - - [31/Dec/2021:18:12:43 +0200] "POST /deleteFile.php HTTP/1.1" 200 -
::1 - - [31/Dec/2021:18:12:43 +0200] "GET /textFiles.xml HTTP/1.1" 200 217
::1 - - [31/Dec/2021:18:12:56 +0200] "GET /textFiles.xml HTTP/1.1" 304 -
::1 - - [31/Dec/2021:19:26:02 +0200] "GET /textFiles.xml HTTP/1.1" 304 -
::1 - - [31/Dec/2021:19:29:14 +0200] "GET / HTTP/1.1" 304 -
::1 - - [31/Dec/2021:19:30:55 +0200] "POST /editFiles.php HTTP/1.1" 200 -
::1 - - [31/Dec/2021:19:31:06 +0200] "GET / HTTP/1.1" 304 -
::1 - - [31/Dec/2021:19:31:37 +0200] "GET / HTTP/1.1" 304 -
::1 - - [31/Dec/2021:19:31:47 +0200] "POST /deleteFile.php HTTP/1.1" 200 -
::1 - - [31/Dec/2021:19:32:25 +0200] "POST /editFiles.php HTTP/1.1" 200 -
::1 - - [31/Dec/2021:19:32:38 +0200] "POST /deleteFile.php HTTP/1.1" 200 -
::1 - - [31/Dec/2021:19:44:12 +0200] "GET /textFiles.xml HTTP/1.1" 200 217
::1 - - [31/Dec/2021:19:44:36 +0200] "POST /editFiles.php HTTP/1.1" 200 -
::1 - - [31/Dec/2021:19:52:11 +0200] "GET /textFiles.xml HTTP/1.1" 200 244
::1 - - [31/Dec/2021:19:52:22 +0200] "POST /editFiles.php HTTP/1.1" 200 -
::1 - - [31/Dec/2021:19:52:27 +0200] "GET / HTTP/1.1" 304 -
::1 - - [31/Dec/2021:19:53:38 +0200] "GET /textFiles.xml HTTP/1.1" 200 262
::1 - - [31/Dec/2021:19:53:46 +0200] "GET /textFiles.xml HTTP/1.1" 304 -
::1 - - [31/Dec/2021:19:54:01 +0200] "POST /deleteFile.php HTTP/1.1" 200 -
::1 - - [31/Dec/2021:19:54:01 +0200] "GET /textFiles.xml HTTP/1.1" 200 244
::1 - - [31/Dec/2021:19:55:07 +0200] "POST /deleteFile.php HTTP/1.1" 200 -
::1 - - [31/Dec/2021:19:55:07 +0200] "GET /textFiles.xml HTTP/1.1" 200 217
::1 - - [31/Dec/2021:19:55:17 +0200] "POST /editFiles.php HTTP/1.1" 200 -
::1 - - [31/Dec/2021:19:55:17 +0200] "GET /textFiles.xml HTTP/1.1" 200 243
::1 - - [31/Dec/2021:19:55:20 +0200] "GET /textFiles.xml HTTP/1.1" 304 -
::1 - - [31/Dec/2021:19:57:15 +0200] "GET /textFiles.xml HTTP/1.1" 304 -
::1 - - [31/Dec/2021:19:57:17 +0200] "POST /deleteFile.php HTTP/1.1" 200 -
::1 - - [31/Dec/2021:19:58:40 +0200] "GET / HTTP/1.1" 304 -
::1 - - [31/Dec/2021:19:58:40 +0200] "GET /textFiles.xml HTTP/1.1" 200 201
::1 - - [31/Dec/2021:19:59:03 +0200] "POST /editFiles.php HTTP/1.1" 200 -
::1 - - [31/Dec/2021:19:59:03 +0200] "GET /textFiles.xml HTTP/1.1" 200 228
::1 - - [31/Dec/2021:19:59:05 +0200] "GET /textFiles.xml HTTP/1.1" 304 -
::1 - - [31/Dec/2021:19:59:31 +0200] "POST /deleteFile.php HTTP/1.1" 200 -
::1 - - [31/Dec/2021:19:59:31 +0200] "GET /textFiles.xml HTTP/1.1" 200 202
::1 - - [31/Dec/2021:20:23:49 +0200] "POST /editFiles.php HTTP/1.1" 200 -
::1 - - [31/Dec/2021:20:23:49 +0200] "GET /textFiles.xml HTTP/1.1" 200 218
::1 - - [31/Dec/2021:20:23:52 +0200] "GET /textFiles.xml HTTP/1.1" 304 -
::1 - - [31/Dec/2021:20:23:55 +0200] "POST /deleteFile.php HTTP/1.1" 200 -
::1 - - [31/Dec/2021:20:23:55 +0200] "GET /textFiles.xml HTTP/1.1" 200 202
::1 - - [01/Jan/2022:14:54:38 +0200] "GET /textFiles.xml HTTP/1.1" 304 -
::1 - - [01/Jan/2022:14:56:19 +0200] "POST /editFiles.php HTTP/1.1" 200 -
::1 - - [01/Jan/2022:14:56:40 +0200] "GET / HTTP/1.1" 304 -
::1 - - [01/Jan/2022:14:58:08 +0200] "GET / HTTP/1.1" 200 5648
::1 - - [01/Jan/2022:14:58:08 +0200] "GET /styles.css HTTP/1.1" 200 1319
::1 - - [01/Jan/2022:14:58:09 +0200] "GET /textFiles.xml HTTP/1.1" 200 236
::1 - - [01/Jan/2022:14:58:09 +0200] "GET /favicon.ico HTTP/1.1" 404 196
::1 - - [01/Jan/2022:14:58:20 +0200] "POST /deleteFile.php HTTP/1.1" 200 -
::1 - - [01/Jan/2022:14:58:20 +0200] "GET /textFiles.xml HTTP/1.1" 200 202
::1 - - [01/Jan/2022:14:59:27 +0200] "GET /textFiles.xml HTTP/1.1" 304 -
::1 - - [01/Jan/2022:15:00:31 +0200] "POST /deleteFile.php HTTP/1.1" 200 -
::1 - - [01/Jan/2022:15:00:31 +0200] "GET /textFiles.xml HTTP/1.1" 200 175
::1 - - [01/Jan/2022:15:01:15 +0200] "POST /editFiles.php HTTP/1.1" 200 -
::1 - - [01/Jan/2022:15:01:15 +0200] "GET /textFiles.xml HTTP/1.1" 200 207
::1 - - [01/Jan/2022:15:01:18 +0200] "GET /textFiles.xml HTTP/1.1" 304 -
::1 - - [01/Jan/2022:15:02:09 +0200] "POST /editFiles.php HTTP/1.1" 200 -
::1 - - [01/Jan/2022:15:02:09 +0200] "GET /textFiles.xml HTTP/1.1" 200 207
::1 - - [01/Jan/2022:15:02:11 +0200] "GET /textFiles.xml HTTP/1.1" 304 -
::1 - - [01/Jan/2022:15:03:35 +0200] "POST /deleteFile.php HTTP/1.1" 200 -
::1 - - [01/Jan/2022:15:03:35 +0200] "GET /textFiles.xml HTTP/1.1" 200 175
::1 - - [01/Jan/2022:15:04:33 +0200] "POST /editFiles.php HTTP/1.1" 200 -
::1 - - [01/Jan/2022:15:04:33 +0200] "GET /textFiles.xml HTTP/1.1" 200 212
::1 - - [01/Jan/2022:15:04:35 +0200] "GET /textFiles.xml HTTP/1.1" 304 -
