[Sat Oct 30 14:44:46.567421 2021] [mpm_winnt:notice] [pid 10244:tid 616] AH00455: Apache/2.4.51 (Win64) PHP/8.0.12 configured -- resuming normal operations
[Sat Oct 30 14:44:46.573007 2021] [mpm_winnt:notice] [pid 10244:tid 616] AH00456: Apache Lounge VS16 Server built: Oct  7 2021 16:27:02
[Sat Oct 30 14:44:46.573007 2021] [core:notice] [pid 10244:tid 616] AH00094: Command line: 'C:\\Apache24\\bin\\httpd.exe -d C:/Apache24'
[Sat Oct 30 14:44:46.573007 2021] [mpm_winnt:notice] [pid 10244:tid 616] AH00418: Parent: Created child process 10012
Apache server shutdown initiated...
pm_winnt:notice] [pid 10012:tid 436] AH00354: Child: Starting 64 worker threads.
[Sat Oct 30 18:51:46.932093 2021] [mpm_winnt:notice] [pid 10244:tid 616] AH00422: Parent: Received shutdown signal -- Shutting down the server.
[Sat Oct 30 18:51:48.958240 2021] [mpm_winnt:notice] [pid 10012:tid 436] AH00364: Child: All worker threads have exited.
[Sat Oct 30 18:51:49.014560 2021] [mpm_winnt:notice] [pid 10244:tid 616] AH00430: Parent: Child process 10012 exited successfully.
[Sat Oct 30 18:51:54.906439 2021] [mpm_winnt:notice] [pid 12992:tid 436] AH00455: Apache/2.4.51 (Win64) PHP/8.0.12 configured -- resuming normal operations
[Sat Oct 30 18:51:54.906439 2021] [mpm_winnt:notice] [pid 12992:tid 436] AH00456: Apache Lounge VS16 Server built: Oct  7 2021 16:27:02
[Sat Oct 30 18:51:54.906439 2021] [core:notice] [pid 12992:tid 436] AH00094: Command line: 'C:\\Apache24\\bin\\httpd.exe -d C:/Apache24'
[Sat Oct 30 18:51:54.917522 2021] [mpm_winnt:notice] [pid 12992:tid 436] AH00418: Parent: Created child process 7888
Apache server shutdown initiated...
pm_winnt:notice] [pid 7888:tid 632] AH00354: Child: Starting 64 worker threads.
[Sat Oct 30 18:57:05.707183 2021] [php:warn] [pid 7888:tid 1168] [client ::1:55592] PHP Warning:  Undefined array key "text" in C:\\localhost\\editFiles.php on line 3, referer: http://localhost/
[Sat Oct 30 18:57:07.976110 2021] [php:warn] [pid 7888:tid 1168] [client ::1:55592] PHP Warning:  Undefined array key "text" in C:\\localhost\\editFiles.php on line 3, referer: http://localhost/
[Sat Oct 30 18:59:43.728077 2021] [php:warn] [pid 7888:tid 1168] [client ::1:55630] PHP Warning:  Undefined array key "text" in C:\\localhost\\editFiles.php on line 3, referer: http://localhost/
[Sat Oct 30 19:58:47.403824 2021] [php:warn] [pid 7888:tid 1168] [client ::1:50072] PHP Warning:  Undefined array key "userID" in C:\\localhost\\deleteFile.php on line 2, referer: http://localhost/
[Sat Oct 30 19:58:47.403824 2021] [php:error] [pid 7888:tid 1168] [client ::1:50072] PHP Fatal error:  Uncaught ValueError: Path cannot be empty in C:\\localhost\\deleteFile.php:3\nStack trace:\n#0 C:\\localhost\\deleteFile.php(3): fopen('', 'w+')\n#1 {main}\n  thrown in C:\\localhost\\deleteFile.php on line 3, referer: http://localhost/
[Sat Oct 30 20:00:40.086396 2021] [php:warn] [pid 7888:tid 1168] [client ::1:50076] PHP Warning:  Undefined array key "text" in C:\\localhost\\deleteFile.php on line 2, referer: http://localhost/
[Sat Oct 30 20:00:40.086396 2021] [php:error] [pid 7888:tid 1168] [client ::1:50076] PHP Fatal error:  Uncaught ValueError: Path cannot be empty in C:\\localhost\\deleteFile.php:3\nStack trace:\n#0 C:\\localhost\\deleteFile.php(3): fopen('', 'w+')\n#1 {main}\n  thrown in C:\\localhost\\deleteFile.php on line 3, referer: http://localhost/
[Sat Oct 30 20:01:59.179761 2021] [php:warn] [pid 7888:tid 1168] [client ::1:50081] PHP Warning:  Undefined array key "text" in C:\\localhost\\deleteFile.php on line 2, referer: http://localhost/
[Sat Oct 30 20:01:59.179761 2021] [php:error] [pid 7888:tid 1168] [client ::1:50081] PHP Fatal error:  Uncaught ValueError: Path cannot be empty in C:\\localhost\\deleteFile.php:3\nStack trace:\n#0 C:\\localhost\\deleteFile.php(3): fopen('', 'w+')\n#1 {main}\n  thrown in C:\\localhost\\deleteFile.php on line 3, referer: http://localhost/
[Sat Oct 30 20:03:10.424621 2021] [php:warn] [pid 7888:tid 1168] [client ::1:50117] PHP Warning:  Undefined array key "text" in C:\\localhost\\deleteFile.php on line 2, referer: http://localhost/
[Sat Oct 30 20:03:10.425833 2021] [php:error] [pid 7888:tid 1168] [client ::1:50117] PHP Fatal error:  Uncaught ValueError: Path cannot be empty in C:\\localhost\\deleteFile.php:3\nStack trace:\n#0 C:\\localhost\\deleteFile.php(3): fopen('', 'w')\n#1 {main}\n  thrown in C:\\localhost\\deleteFile.php on line 3, referer: http://localhost/
[Sat Oct 30 20:18:48.297824 2021] [php:error] [pid 7888:tid 1168] [client ::1:50234] script 'C:/localhost/delete.php' not found or unable to stat, referer: http://localhost/
[Sat Oct 30 20:18:49.222870 2021] [php:error] [pid 7888:tid 1168] [client ::1:50234] script 'C:/localhost/delete.php' not found or unable to stat, referer: http://localhost/
[Sat Oct 30 20:18:49.499262 2021] [php:error] [pid 7888:tid 1168] [client ::1:50234] script 'C:/localhost/delete.php' not found or unable to stat, referer: http://localhost/
[Sat Oct 30 20:18:49.686993 2021] [php:error] [pid 7888:tid 1168] [client ::1:50234] script 'C:/localhost/delete.php' not found or unable to stat, referer: http://localhost/
[Sat Oct 30 20:18:49.877954 2021] [php:error] [pid 7888:tid 1168] [client ::1:50234] script 'C:/localhost/delete.php' not found or unable to stat, referer: http://localhost/
[Sat Oct 30 20:18:54.745834 2021] [php:error] [pid 7888:tid 1168] [client ::1:50234] script 'C:/localhost/delete.php' not found or unable to stat, referer: http://localhost/
[Sat Oct 30 20:43:44.401639 2021] [mpm_winnt:notice] [pid 12992:tid 436] AH00422: Parent: Received shutdown signal -- Shutting down the server.
[Sat Oct 30 20:43:46.407448 2021] [mpm_winnt:notice] [pid 7888:tid 632] AH00364: Child: All worker threads have exited.
[Sat Oct 30 20:43:46.439073 2021] [mpm_winnt:notice] [pid 12992:tid 436] AH00430: Parent: Child process 7888 exited successfully.
[Sat Oct 30 20:43:53.067933 2021] [mpm_winnt:notice] [pid 7900:tid 100] AH00455: Apache/2.4.51 (Win64) PHP/8.0.12 configured -- resuming normal operations
[Sat Oct 30 20:43:53.067933 2021] [mpm_winnt:notice] [pid 7900:tid 100] AH00456: Apache Lounge VS16 Server built: Oct  7 2021 16:27:02
[Sat Oct 30 20:43:53.067933 2021] [core:notice] [pid 7900:tid 100] AH00094: Command line: 'C:\\Apache24\\bin\\httpd.exe -d C:/Apache24'
[Sat Oct 30 20:43:53.077929 2021] [mpm_winnt:notice] [pid 7900:tid 100] AH00418: Parent: Created child process 4660
Apache server shutdown initiated...
pm_winnt:notice] [pid 4660:tid 728] AH00354: Child: Starting 64 worker threads.
[Sat Oct 30 21:45:36.663618 2021] [php:error] [pid 4660:tid 1164] [client ::1:58678] PHP Fatal error:  Uncaught Error: Call to undefined function string() in C:\\localhost\\deleteFile.php:7\nStack trace:\n#0 {main}\n  thrown in C:\\localhost\\deleteFile.php on line 7, referer: http://localhost/
[Sat Oct 30 21:45:40.564038 2021] [php:error] [pid 4660:tid 1164] [client ::1:58678] PHP Fatal error:  Uncaught Error: Call to undefined function string() in C:\\localhost\\deleteFile.php:7\nStack trace:\n#0 {main}\n  thrown in C:\\localhost\\deleteFile.php on line 7, referer: http://localhost/
[Sat Oct 30 21:54:35.619007 2021] [php:error] [pid 4660:tid 1164] [client ::1:54672] PHP Fatal error:  Uncaught Error: Call to undefined function string() in C:\\localhost\\editFiles.php:7\nStack trace:\n#0 {main}\n  thrown in C:\\localhost\\editFiles.php on line 7, referer: http://localhost/
[Sat Oct 30 21:54:36.649764 2021] [php:error] [pid 4660:tid 1164] [client ::1:54672] PHP Fatal error:  Uncaught Error: Call to undefined function string() in C:\\localhost\\editFiles.php:7\nStack trace:\n#0 {main}\n  thrown in C:\\localhost\\editFiles.php on line 7, referer: http://localhost/
[Sat Oct 30 21:54:38.378270 2021] [php:error] [pid 4660:tid 1164] [client ::1:54672] PHP Fatal error:  Uncaught Error: Call to undefined function string() in C:\\localhost\\editFiles.php:7\nStack trace:\n#0 {main}\n  thrown in C:\\localhost\\editFiles.php on line 7, referer: http://localhost/
[Sat Oct 30 21:54:38.521547 2021] [php:error] [pid 4660:tid 1164] [client ::1:54672] PHP Fatal error:  Uncaught Error: Call to undefined function string() in C:\\localhost\\editFiles.php:7\nStack trace:\n#0 {main}\n  thrown in C:\\localhost\\editFiles.php on line 7, referer: http://localhost/
[Sat Oct 30 21:54:41.070276 2021] [php:error] [pid 4660:tid 1164] [client ::1:54672] PHP Fatal error:  Uncaught Error: Call to undefined function string() in C:\\localhost\\editFiles.php:7\nStack trace:\n#0 {main}\n  thrown in C:\\localhost\\editFiles.php on line 7, referer: http://localhost/
[Sat Oct 30 21:54:41.232912 2021] [php:error] [pid 4660:tid 1164] [client ::1:54672] PHP Fatal error:  Uncaught Error: Call to undefined function string() in C:\\localhost\\editFiles.php:7\nStack trace:\n#0 {main}\n  thrown in C:\\localhost\\editFiles.php on line 7, referer: http://localhost/
[Sat Oct 30 21:54:41.383749 2021] [php:error] [pid 4660:tid 1164] [client ::1:54672] PHP Fatal error:  Uncaught Error: Call to undefined function string() in C:\\localhost\\editFiles.php:7\nStack trace:\n#0 {main}\n  thrown in C:\\localhost\\editFiles.php on line 7, referer: http://localhost/
[Sat Oct 30 21:54:41.573610 2021] [php:error] [pid 4660:tid 1164] [client ::1:54672] PHP Fatal error:  Uncaught Error: Call to undefined function string() in C:\\localhost\\editFiles.php:7\nStack trace:\n#0 {main}\n  thrown in C:\\localhost\\editFiles.php on line 7, referer: http://localhost/
[Sat Oct 30 21:54:49.233372 2021] [php:error] [pid 4660:tid 1164] [client ::1:54674] PHP Fatal error:  Uncaught Error: Call to undefined function string() in C:\\localhost\\editFiles.php:7\nStack trace:\n#0 {main}\n  thrown in C:\\localhost\\editFiles.php on line 7, referer: http://localhost/
[Sat Oct 30 21:54:49.471047 2021] [php:error] [pid 4660:tid 1164] [client ::1:54674] PHP Fatal error:  Uncaught Error: Call to undefined function string() in C:\\localhost\\editFiles.php:7\nStack trace:\n#0 {main}\n  thrown in C:\\localhost\\editFiles.php on line 7, referer: http://localhost/
[Sat Oct 30 21:54:49.700221 2021] [php:error] [pid 4660:tid 1164] [client ::1:54674] PHP Fatal error:  Uncaught Error: Call to undefined function string() in C:\\localhost\\editFiles.php:7\nStack trace:\n#0 {main}\n  thrown in C:\\localhost\\editFiles.php on line 7, referer: http://localhost/
[Sat Oct 30 21:54:50.027210 2021] [php:error] [pid 4660:tid 1164] [client ::1:54674] PHP Fatal error:  Uncaught Error: Call to undefined function string() in C:\\localhost\\editFiles.php:7\nStack trace:\n#0 {main}\n  thrown in C:\\localhost\\editFiles.php on line 7, referer: http://localhost/
[Sat Oct 30 21:54:50.286173 2021] [php:error] [pid 4660:tid 1164] [client ::1:54674] PHP Fatal error:  Uncaught Error: Call to undefined function string() in C:\\localhost\\editFiles.php:7\nStack trace:\n#0 {main}\n  thrown in C:\\localhost\\editFiles.php on line 7, referer: http://localhost/
[Sat Oct 30 21:54:50.510167 2021] [php:error] [pid 4660:tid 1164] [client ::1:54674] PHP Fatal error:  Uncaught Error: Call to undefined function string() in C:\\localhost\\editFiles.php:7\nStack trace:\n#0 {main}\n  thrown in C:\\localhost\\editFiles.php on line 7, referer: http://localhost/
[Sat Oct 30 21:54:50.682259 2021] [php:error] [pid 4660:tid 1164] [client ::1:54674] PHP Fatal error:  Uncaught Error: Call to undefined function string() in C:\\localhost\\editFiles.php:7\nStack trace:\n#0 {main}\n  thrown in C:\\localhost\\editFiles.php on line 7, referer: http://localhost/
[Sat Oct 30 21:54:50.856037 2021] [php:error] [pid 4660:tid 1164] [client ::1:54674] PHP Fatal error:  Uncaught Error: Call to undefined function string() in C:\\localhost\\editFiles.php:7\nStack trace:\n#0 {main}\n  thrown in C:\\localhost\\editFiles.php on line 7, referer: http://localhost/
[Sat Oct 30 21:54:50.992027 2021] [php:error] [pid 4660:tid 1164] [client ::1:54674] PHP Fatal error:  Uncaught Error: Call to undefined function string() in C:\\localhost\\editFiles.php:7\nStack trace:\n#0 {main}\n  thrown in C:\\localhost\\editFiles.php on line 7, referer: http://localhost/
[Sat Oct 30 21:56:33.500403 2021] [php:error] [pid 4660:tid 1164] [client ::1:55967] PHP Fatal error:  Uncaught Error: Call to undefined function string() in C:\\localhost\\editFiles.php:7\nStack trace:\n#0 {main}\n  thrown in C:\\localhost\\editFiles.php on line 7, referer: http://localhost/
[Sat Oct 30 21:56:38.456896 2021] [php:error] [pid 4660:tid 1164] [client ::1:55967] PHP Fatal error:  Uncaught Error: Call to undefined function string() in C:\\localhost\\editFiles.php:7\nStack trace:\n#0 {main}\n  thrown in C:\\localhost\\editFiles.php on line 7, referer: http://localhost/
[Sat Oct 30 21:59:21.575678 2021] [php:warn] [pid 4660:tid 1164] [client ::1:55995] PHP Warning:  Undefined variable $\xd1\x87\xd1\x8c\xd0\xb4 in C:\\localhost\\editFiles.php on line 16, referer: http://localhost/
[Sat Oct 30 21:59:21.575678 2021] [php:error] [pid 4660:tid 1164] [client ::1:55995] PHP Fatal error:  Uncaught Error: Call to a member function asXml() on null in C:\\localhost\\editFiles.php:16\nStack trace:\n#0 {main}\n  thrown in C:\\localhost\\editFiles.php on line 16, referer: http://localhost/
[Sat Oct 30 23:06:33.141609 2021] [mpm_winnt:notice] [pid 7900:tid 100] AH00422: Parent: Received shutdown signal -- Shutting down the server.
[Sat Oct 30 23:06:35.157279 2021] [mpm_winnt:notice] [pid 4660:tid 728] AH00364: Child: All worker threads have exited.
[Sat Oct 30 23:06:35.204615 2021] [mpm_winnt:notice] [pid 7900:tid 100] AH00430: Parent: Child process 4660 exited successfully.
[Wed Nov 03 14:00:49.914406 2021] [mpm_winnt:notice] [pid 13036:tid 724] AH00455: Apache/2.4.51 (Win64) PHP/8.0.12 configured -- resuming normal operations
[Wed Nov 03 14:00:49.915412 2021] [mpm_winnt:notice] [pid 13036:tid 724] AH00456: Apache Lounge VS16 Server built: Oct  7 2021 16:27:02
[Wed Nov 03 14:00:49.915412 2021] [core:notice] [pid 13036:tid 724] AH00094: Command line: 'C:\\Apache24\\bin\\httpd.exe -d C:/Apache24'
[Wed Nov 03 14:00:49.922404 2021] [mpm_winnt:notice] [pid 13036:tid 724] AH00418: Parent: Created child process 8116
Apache server shutdown initiated...
pm_winnt:notice] [pid 8116:tid 196] AH00354: Child: Starting 64 worker threads.
[Wed Nov 03 14:16:34.700077 2021] [mpm_winnt:notice] [pid 13036:tid 724] AH00422: Parent: Received shutdown signal -- Shutting down the server.
[Wed Nov 03 14:16:36.722137 2021] [mpm_winnt:notice] [pid 8116:tid 196] AH00364: Child: All worker threads have exited.
[Wed Nov 03 14:16:36.758504 2021] [mpm_winnt:notice] [pid 13036:tid 724] AH00430: Parent: Child process 8116 exited successfully.
[Fri Dec 31 18:10:03.299242 2021] [mpm_winnt:notice] [pid 6872:tid 572] AH00455: Apache/2.4.51 (Win64) PHP/8.0.12 configured -- resuming normal operations
[Fri Dec 31 18:10:03.300228 2021] [mpm_winnt:notice] [pid 6872:tid 572] AH00456: Apache Lounge VS16 Server built: Oct  7 2021 16:27:02
[Fri Dec 31 18:10:03.300228 2021] [core:notice] [pid 6872:tid 572] AH00094: Command line: 'C:\\Apache24\\bin\\httpd.exe -d C:/Apache24'
[Fri Dec 31 18:10:03.307226 2021] [mpm_winnt:notice] [pid 6872:tid 572] AH00418: Parent: Created child process 4064
Apache server shutdown initiated...
pm_winnt:notice] [pid 4064:tid 528] AH00354: Child: Starting 64 worker threads.
[Fri Dec 31 19:43:51.410122 2021] [mpm_winnt:notice] [pid 6872:tid 572] AH00422: Parent: Received shutdown signal -- Shutting down the server.
[Fri Dec 31 19:43:53.413514 2021] [mpm_winnt:notice] [pid 4064:tid 528] AH00364: Child: All worker threads have exited.
[Fri Dec 31 19:43:53.484475 2021] [mpm_winnt:notice] [pid 6872:tid 572] AH00430: Parent: Child process 4064 exited successfully.
[Fri Dec 31 19:44:06.005410 2021] [mpm_winnt:notice] [pid 3712:tid 444] AH00455: Apache/2.4.51 (Win64) PHP/8.0.12 configured -- resuming normal operations
[Fri Dec 31 19:44:06.006412 2021] [mpm_winnt:notice] [pid 3712:tid 444] AH00456: Apache Lounge VS16 Server built: Oct  7 2021 16:27:02
[Fri Dec 31 19:44:06.006412 2021] [core:notice] [pid 3712:tid 444] AH00094: Command line: 'C:\\Apache24\\bin\\httpd.exe -d C:/Apache24'
[Fri Dec 31 19:44:06.011395 2021] [mpm_winnt:notice] [pid 3712:tid 444] AH00418: Parent: Created child process 2376
Apache server shutdown initiated...
pm_winnt:notice] [pid 2376:tid 508] AH00354: Child: Starting 64 worker threads.
[Fri Dec 31 19:53:03.627891 2021] [mpm_winnt:notice] [pid 3712:tid 444] AH00422: Parent: Received shutdown signal -- Shutting down the server.
[Fri Dec 31 19:53:05.629825 2021] [mpm_winnt:notice] [pid 2376:tid 508] AH00364: Child: All worker threads have exited.
[Fri Dec 31 19:53:05.672987 2021] [mpm_winnt:notice] [pid 3712:tid 444] AH00430: Parent: Child process 2376 exited successfully.
[Fri Dec 31 19:53:10.419820 2021] [mpm_winnt:notice] [pid 6620:tid 508] AH00455: Apache/2.4.51 (Win64) PHP/8.0.12 configured -- resuming normal operations
[Fri Dec 31 19:53:10.419820 2021] [mpm_winnt:notice] [pid 6620:tid 508] AH00456: Apache Lounge VS16 Server built: Oct  7 2021 16:27:02
[Fri Dec 31 19:53:10.419820 2021] [core:notice] [pid 6620:tid 508] AH00094: Command line: 'C:\\Apache24\\bin\\httpd.exe -d C:/Apache24'
[Fri Dec 31 19:53:10.425821 2021] [mpm_winnt:notice] [pid 6620:tid 508] AH00418: Parent: Created child process 8956
Apache server shutdown initiated...
pm_winnt:notice] [pid 8956:tid 488] AH00354: Child: Starting 64 worker threads.
[Fri Dec 31 20:31:53.115213 2021] [mpm_winnt:notice] [pid 6620:tid 508] AH00422: Parent: Received shutdown signal -- Shutting down the server.
[Fri Dec 31 20:31:55.118725 2021] [mpm_winnt:notice] [pid 8956:tid 488] AH00364: Child: All worker threads have exited.
[Fri Dec 31 20:31:55.177538 2021] [mpm_winnt:notice] [pid 6620:tid 508] AH00430: Parent: Child process 8956 exited successfully.
[Fri Dec 31 20:37:35.574480 2021] [mpm_winnt:notice] [pid 7972:tid 508] AH00455: Apache/2.4.51 (Win64) PHP/8.0.12 configured -- resuming normal operations
[Fri Dec 31 20:37:35.574480 2021] [mpm_winnt:notice] [pid 7972:tid 508] AH00456: Apache Lounge VS16 Server built: Oct  7 2021 16:27:02
[Fri Dec 31 20:37:35.574480 2021] [core:notice] [pid 7972:tid 508] AH00094: Command line: 'C:\\Apache24\\bin\\httpd.exe -d C:/Apache24'
[Fri Dec 31 20:37:35.580460 2021] [mpm_winnt:notice] [pid 7972:tid 508] AH00418: Parent: Created child process 5908
Apache server shutdown initiated...
pm_winnt:notice] [pid 5908:tid 424] AH00354: Child: Starting 64 worker threads.
[Fri Dec 31 20:51:31.041951 2021] [mpm_winnt:notice] [pid 7972:tid 508] AH00422: Parent: Received shutdown signal -- Shutting down the server.
[Fri Dec 31 20:51:33.042649 2021] [mpm_winnt:notice] [pid 5908:tid 424] AH00364: Child: All worker threads have exited.
[Fri Dec 31 20:51:33.072648 2021] [mpm_winnt:notice] [pid 7972:tid 508] AH00430: Parent: Child process 5908 exited successfully.
[Sat Jan 01 14:53:44.311597 2022] [mpm_winnt:notice] [pid 7788:tid 500] AH00455: Apache/2.4.51 (Win64) PHP/8.0.12 configured -- resuming normal operations
[Sat Jan 01 14:53:44.312596 2022] [mpm_winnt:notice] [pid 7788:tid 500] AH00456: Apache Lounge VS16 Server built: Oct  7 2021 16:27:02
[Sat Jan 01 14:53:44.312596 2022] [core:notice] [pid 7788:tid 500] AH00094: Command line: 'C:\\Apache24\\bin\\httpd.exe -d C:/Apache24'
[Sat Jan 01 14:53:44.321810 2022] [mpm_winnt:notice] [pid 7788:tid 500] AH00418: Parent: Created child process 4820
Apache server shutdown initiated...
pm_winnt:notice] [pid 4820:tid 540] AH00354: Child: Starting 64 worker threads.
[Sat Jan 01 14:56:48.742294 2022] [mpm_winnt:notice] [pid 7788:tid 500] AH00422: Parent: Received shutdown signal -- Shutting down the server.
[Sat Jan 01 14:56:50.743444 2022] [mpm_winnt:notice] [pid 4820:tid 540] AH00364: Child: All worker threads have exited.
[Sat Jan 01 14:56:50.795073 2022] [mpm_winnt:notice] [pid 7788:tid 500] AH00430: Parent: Child process 4820 exited successfully.
[Sat Jan 01 14:57:07.195890 2022] [mpm_winnt:notice] [pid 8580:tid 556] AH00455: Apache/2.4.51 (Win64) PHP/8.0.12 configured -- resuming normal operations
[Sat Jan 01 14:57:07.196889 2022] [mpm_winnt:notice] [pid 8580:tid 556] AH00456: Apache Lounge VS16 Server built: Oct  7 2021 16:27:02
[Sat Jan 01 14:57:07.196889 2022] [core:notice] [pid 8580:tid 556] AH00094: Command line: 'C:\\Apache24\\bin\\httpd.exe -d C:/Apache24'
[Sat Jan 01 14:57:07.202225 2022] [mpm_winnt:notice] [pid 8580:tid 556] AH00418: Parent: Created child process 5664
[Sat Jan 01 14:57:08.283997 2022] [mpm_winnt:notice] [pid 5664:tid 448] AH00354: Child: Starting 64 worker threads.
